=== Result Log File ===

Simulation start time: 0

=== Unit 0 Result 1 (Time: 1935000) ===
result_0: 0x000000a7
result_1: 0x00000124
result_2: 0x00000177
result_3: 0x00000022
result_4: 0x000001d9
result_5: 0x00000215
result_6: 0x00000194
result_7: 0x00000017
result_8: 0x00000292
result_9: 0xffffff35
result_10: 0xffffff94
result_11: 0x000006e1
result_12: 0xffffff6d
result_13: 0x000002c7
result_14: 0xffffffc0
result_15: 0xfffffea3
result_16: 0x0000066d
result_17: 0xfffffe5f
result_18: 0xfffffd00
result_19: 0xfffffeac
result_20: 0x000001cd
result_21: 0x00000220
result_22: 0xfffffccc
result_23: 0xfffffe66
result_24: 0xffffff96
result_25: 0xfffffea0
result_26: 0xfffffd0a
result_27: 0xffffff9d
result_28: 0x0000011f
result_29: 0x0000017b
result_30: 0x000002d9
result_31: 0xfffffcc9
-----------------------------------------

=== Unit 1 Result 1 (Time: 1935000) ===
result_0: 0xfffffdc3
result_1: 0x0000027f
result_2: 0xfffffe13
result_3: 0xffffffa9
result_4: 0xfffffe6f
result_5: 0xffffffb7
result_6: 0x00000319
result_7: 0xfffffca3
result_8: 0xfffffed1
result_9: 0x00000398
result_10: 0xfffffe4b
result_11: 0xfffffeba
result_12: 0xffffff6f
result_13: 0xfffffd58
result_14: 0x00000027
result_15: 0xfffffe82
result_16: 0xffffffe7
result_17: 0x00000263
result_18: 0xffffff26
result_19: 0x00000004
result_20: 0xfffffcf6
result_21: 0x000002a9
result_22: 0x000001e6
result_23: 0x000000d9
result_24: 0x00000013
result_25: 0xffffffb6
result_26: 0xfffffe3b
result_27: 0xfffffd7d
result_28: 0xfffffd67
result_29: 0xfffffd72
result_30: 0xfffffbe4
result_31: 0xfffffdd8
-----------------------------------------

=== Unit 2 Result 1 (Time: 1935000) ===
result_0: 0x00000598
result_1: 0xfffffd0a
result_2: 0xfffffeb5
result_3: 0x000001ef
result_4: 0xffffff7f
result_5: 0x000002bd
result_6: 0xfffffdf9
result_7: 0xfffffcba
result_8: 0xffffffcd
result_9: 0x000000d6
result_10: 0x00000293
result_11: 0xffffff57
result_12: 0x000002a8
result_13: 0x0000019a
result_14: 0xfffffdf4
result_15: 0xffffff1b
result_16: 0xfffffe70
result_17: 0x0000032b
result_18: 0xfffffef2
result_19: 0xfffffcf1
result_20: 0xfffffd27
result_21: 0x0000011d
result_22: 0x00000069
result_23: 0xfffffef4
result_24: 0xffffffee
result_25: 0xffffffb8
result_26: 0x0000017b
result_27: 0xfffffde9
result_28: 0x00000032
result_29: 0xfffffe31
result_30: 0xffffff36
result_31: 0x0000005d
-----------------------------------------

=== Unit 3 Result 1 (Time: 1935000) ===
result_0: 0xfffffc03
result_1: 0xffffffa7
result_2: 0x00000080
result_3: 0xfffffde1
result_4: 0xfffffe9c
result_5: 0xffffffea
result_6: 0x0000026f
result_7: 0xfffffb27
result_8: 0x00000211
result_9: 0xffffff6f
result_10: 0x000000b2
result_11: 0x00000143
result_12: 0xfffffc2b
result_13: 0x0000013a
result_14: 0xffffffb1
result_15: 0xfffffeb0
result_16: 0x00000311
result_17: 0xfffffee6
result_18: 0x0000021f
result_19: 0x00000199
result_20: 0x00000303
result_21: 0xffffff93
result_22: 0xfffffc69
result_23: 0x000001cd
result_24: 0x00000075
result_25: 0x00000104
result_26: 0xffffffb4
result_27: 0xffffff5c
result_28: 0xffffff32
result_29: 0x0000011e
result_30: 0x000000a2
result_31: 0xfffffebc
-----------------------------------------

=== Unit 4 Result 1 (Time: 1935000) ===
result_0: 0xfffffdb9
result_1: 0xfffffef8
result_2: 0xfffffb22
result_3: 0xfffffff8
result_4: 0xffffffea
result_5: 0xffffffe1
result_6: 0x000002ed
result_7: 0x00000411
result_8: 0xffffffa6
result_9: 0x000000f4
result_10: 0xffffff43
result_11: 0x0000000a
result_12: 0xfffffdf1
result_13: 0x00000180
result_14: 0xfffffdb7
result_15: 0x00000486
result_16: 0xffffff24
result_17: 0xfffffda7
result_18: 0x000002ed
result_19: 0x0000011c
result_20: 0xfffffd72
result_21: 0x00000164
result_22: 0x00000017
result_23: 0x000001ea
result_24: 0xffffffd9
result_25: 0x0000000f
result_26: 0x0000007f
result_27: 0x00000369
result_28: 0x000000e9
result_29: 0x00000276
result_30: 0x0000002d
result_31: 0xffffffed
-----------------------------------------

=== Unit 5 Result 1 (Time: 1935000) ===
result_0: 0x000003e6
result_1: 0xfffffe14
result_2: 0x00000052
result_3: 0x000000d9
result_4: 0x0000009c
result_5: 0x00000275
result_6: 0x00000140
result_7: 0x000000d5
result_8: 0xfffffe32
result_9: 0xffffff1b
result_10: 0xfffffe0b
result_11: 0x00000300
result_12: 0xfffffff0
result_13: 0x00000469
result_14: 0x000001bc
result_15: 0xfffffd8f
result_16: 0x00000022
result_17: 0x00000108
result_18: 0xffffff91
result_19: 0x000000af
result_20: 0x000004b6
result_21: 0xfffffea9
result_22: 0x000002d8
result_23: 0x0000017b
result_24: 0xffffff22
result_25: 0x00000264
result_26: 0x00000039
result_27: 0xffffff29
result_28: 0xffffff42
result_29: 0xfffffffd
result_30: 0x0000001f
result_31: 0x000000d2
-----------------------------------------

=== Unit 6 Result 1 (Time: 1935000) ===
result_0: 0xfffffbbe
result_1: 0xfffffe78
result_2: 0xfffffdef
result_3: 0xfffffd58
result_4: 0x0000012d
result_5: 0xfffffcae
result_6: 0xfffffed7
result_7: 0xffffff83
result_8: 0x00000079
result_9: 0xfffffcc8
result_10: 0xfffffc7c
result_11: 0xfffffe3a
result_12: 0xfffffad4
result_13: 0xfffffc51
result_14: 0x00000197
result_15: 0xfffffdcb
result_16: 0x0000004a
result_17: 0x000000db
result_18: 0x0000038f
result_19: 0x00000198
result_20: 0xfffffe6c
result_21: 0x0000013d
result_22: 0x000001b8
result_23: 0xfffffeb2
result_24: 0xfffffdfb
result_25: 0x0000015d
result_26: 0xfffffdc7
result_27: 0x00000195
result_28: 0x00000001
result_29: 0xfffffeae
result_30: 0x0000022c
result_31: 0xfffffc8c
-----------------------------------------

=== Unit 7 Result 1 (Time: 1935000) ===
result_0: 0xffffff21
result_1: 0xfffffce2
result_2: 0x0000039e
result_3: 0x000004d0
result_4: 0x00000155
result_5: 0xfffffdaa
result_6: 0x000002eb
result_7: 0xffffff1c
result_8: 0xfffffc72
result_9: 0x000001b0
result_10: 0x00000233
result_11: 0xfffffe71
result_12: 0xfffffeb4
result_13: 0x00000282
result_14: 0x000002c2
result_15: 0xffffff6a
result_16: 0x0000006f
result_17: 0x000001bb
result_18: 0xffffff2d
result_19: 0x000001a3
result_20: 0xfffffdb3
result_21: 0x000000af
result_22: 0x00000157
result_23: 0x0000043b
result_24: 0x0000025f
result_25: 0x000003fe
result_26: 0xfffffe44
result_27: 0xfffffda0
result_28: 0x000000ea
result_29: 0xfffffd2d
result_30: 0xffffff9b
result_31: 0x00000185
-----------------------------------------

=== Unit 8 Result 1 (Time: 1935000) ===
result_0: 0x0000019f
result_1: 0x000003a5
result_2: 0xfffffebd
result_3: 0xffffffac
result_4: 0x000000d2
result_5: 0xfffffed6
result_6: 0x00000061
result_7: 0x00000132
result_8: 0xfffffd50
result_9: 0xfffffbaf
result_10: 0xfffffb38
result_11: 0x00000247
result_12: 0xfffffe7f
result_13: 0xffffffb7
result_14: 0xfffffc37
result_15: 0x000001d6
result_16: 0x000001cf
result_17: 0xffffff6d
result_18: 0x0000016b
result_19: 0xfffffe04
result_20: 0x000001a8
result_21: 0xffffffb4
result_22: 0x0000031b
result_23: 0x0000001c
result_24: 0xfffffe53
result_25: 0x00000269
result_26: 0x00000336
result_27: 0xfffffb1d
result_28: 0xffffff99
result_29: 0xffffffab
result_30: 0x00000385
result_31: 0x0000028d
-----------------------------------------

=== Unit 9 Result 1 (Time: 1935000) ===
result_0: 0xfffffd55
result_1: 0x00000104
result_2: 0x0000034d
result_3: 0x00000180
result_4: 0xfffffd8a
result_5: 0xffffffd5
result_6: 0x0000000e
result_7: 0x0000004d
result_8: 0xffffff79
result_9: 0x00000494
result_10: 0xfffff8e0
result_11: 0xfffffa70
result_12: 0xfffff9a4
result_13: 0x00000436
result_14: 0xfffffc8d
result_15: 0xffffff59
result_16: 0x00000018
result_17: 0xfffffd40
result_18: 0x000001c1
result_19: 0x00000055
result_20: 0xfffffd7b
result_21: 0x000001fb
result_22: 0x000001a0
result_23: 0x00000150
result_24: 0xfffffd44
result_25: 0x0000016f
result_26: 0x00000146
result_27: 0x00000034
result_28: 0x00000151
result_29: 0xffffff9e
result_30: 0x00000198
result_31: 0xfffffffb
-----------------------------------------

=== Unit 10 Result 1 (Time: 1935000) ===
result_0: 0x00000471
result_1: 0x00000132
result_2: 0xffffff05
result_3: 0xfffffc9a
result_4: 0x0000000d
result_5: 0x00000457
result_6: 0x000001af
result_7: 0x00000250
result_8: 0xfffffc0a
result_9: 0xfffffe89
result_10: 0x000003ac
result_11: 0x0000062e
result_12: 0x0000036d
result_13: 0xfffffcfc
result_14: 0xffffff57
result_15: 0xfffffefb
result_16: 0xfffffb5d
result_17: 0x00000498
result_18: 0xfffffd52
result_19: 0x000002f6
result_20: 0x000002ba
result_21: 0x00000417
result_22: 0xffffffb7
result_23: 0xfffff9dc
result_24: 0xfffffd53
result_25: 0x00000172
result_26: 0xfffffcf0
result_27: 0x00000490
result_28: 0xfffffed3
result_29: 0x0000019a
result_30: 0x00000052
result_31: 0x000002f8
-----------------------------------------

=== Unit 11 Result 1 (Time: 1935000) ===
result_0: 0xfffffd3f
result_1: 0xffffffc9
result_2: 0xfffffd21
result_3: 0x00000350
result_4: 0xffffff72
result_5: 0x000000b9
result_6: 0xfffffe2e
result_7: 0xffffff27
result_8: 0xfffffee4
result_9: 0x000000e9
result_10: 0x0000014f
result_11: 0x000000c5
result_12: 0x0000005e
result_13: 0xffffff4b
result_14: 0x000000d1
result_15: 0x0000012c
result_16: 0xfffffb72
result_17: 0x00000009
result_18: 0x00000191
result_19: 0xfffffce3
result_20: 0x000000d1
result_21: 0xffffff76
result_22: 0x000004af
result_23: 0xfffffd98
result_24: 0x0000002e
result_25: 0x0000039d
result_26: 0x00000085
result_27: 0xffffffb9
result_28: 0xfffffec7
result_29: 0xfffffbdf
result_30: 0xffffff5c
result_31: 0xffffff6c
-----------------------------------------

=== Unit 12 Result 1 (Time: 1935000) ===
result_0: 0xfffffff5
result_1: 0xfffffd66
result_2: 0x00000146
result_3: 0xfffffdf4
result_4: 0xfffffea7
result_5: 0x000003a8
result_6: 0x000000a3
result_7: 0xfffffdf3
result_8: 0xffffff74
result_9: 0xffffffaf
result_10: 0x0000020f
result_11: 0x00000114
result_12: 0x00000506
result_13: 0x000001e5
result_14: 0x00000138
result_15: 0x00000366
result_16: 0xfffffc25
result_17: 0x000001c7
result_18: 0x000000a3
result_19: 0xfffffff6
result_20: 0xfffffc8f
result_21: 0x00000134
result_22: 0xfffffe08
result_23: 0x0000022c
result_24: 0xfffffd90
result_25: 0xfffffe7a
result_26: 0xffffffd1
result_27: 0xfffffd6f
result_28: 0xfffffd4a
result_29: 0xffffff4e
result_30: 0xfffffab6
result_31: 0x000000b7
-----------------------------------------

=== Unit 13 Result 1 (Time: 1935000) ===
result_0: 0x00000163
result_1: 0xfffffb4c
result_2: 0xffffffe2
result_3: 0xffffff30
result_4: 0xfffffde9
result_5: 0x000003d2
result_6: 0xfffffc5f
result_7: 0xfffffdd6
result_8: 0xfffffabc
result_9: 0x000004a4
result_10: 0xfffffc44
result_11: 0xfffffd28
result_12: 0xfffffe12
result_13: 0xfffffbde
result_14: 0x00000479
result_15: 0xffffff9a
result_16: 0xfffffed9
result_17: 0xfffffe28
result_18: 0x00000117
result_19: 0xfffffead
result_20: 0x00000191
result_21: 0x0000010b
result_22: 0x00000075
result_23: 0xfffffff5
result_24: 0xfffffde7
result_25: 0x000000cb
result_26: 0xfffffee2
result_27: 0x00000049
result_28: 0xfffffe3d
result_29: 0xfffffe47
result_30: 0xfffffdf6
result_31: 0xfffffc29
-----------------------------------------

=== Unit 14 Result 1 (Time: 1935000) ===
result_0: 0xfffffa37
result_1: 0xffffff4a
result_2: 0x0000020a
result_3: 0x0000014a
result_4: 0x0000037e
result_5: 0xfffffcf0
result_6: 0xfffffd35
result_7: 0x00000307
result_8: 0xffffff0c
result_9: 0x0000009b
result_10: 0xfffffe82
result_11: 0x0000001b
result_12: 0xfffffc28
result_13: 0x00000132
result_14: 0xfffffef4
result_15: 0xfffffb7c
result_16: 0x00000360
result_17: 0x00000130
result_18: 0x0000009c
result_19: 0x0000028e
result_20: 0xfffffff6
result_21: 0xfffffc4e
result_22: 0xfffff842
result_23: 0x00000237
result_24: 0x00000031
result_25: 0xfffffcf6
result_26: 0x000004e4
result_27: 0x00000062
result_28: 0x000004ce
result_29: 0xfffffd4b
result_30: 0x0000005d
result_31: 0x0000006e
-----------------------------------------

=== Unit 15 Result 1 (Time: 1935000) ===
result_0: 0xffffffe8
result_1: 0x00000146
result_2: 0xfffffde2
result_3: 0x00000130
result_4: 0xfffffffc
result_5: 0x000000d5
result_6: 0x000003fd
result_7: 0x000001b8
result_8: 0x0000038b
result_9: 0x00000192
result_10: 0xfffffeb9
result_11: 0x000000d6
result_12: 0x000000e9
result_13: 0x00000020
result_14: 0x000002f9
result_15: 0xfffffc6f
result_16: 0x000001f1
result_17: 0x000000c2
result_18: 0xfffffdca
result_19: 0xfffffead
result_20: 0xffffffa5
result_21: 0x000002c7
result_22: 0x0000036c
result_23: 0xfffffe79
result_24: 0xfffffe7b
result_25: 0xffffffbd
result_26: 0xfffffdb3
result_27: 0x00000175
result_28: 0xfffffcd6
result_29: 0x00000149
result_30: 0xfffffd2f
result_31: 0xfffffe2e
-----------------------------------------

=== Unit 0 Result 2 (Time: 1995000) ===
result_0: 0xfffffe44
result_1: 0x00000159
result_2: 0xffffff6b
result_3: 0xfffffd64
result_4: 0xfffffec3
result_5: 0x000000fc
result_6: 0xfffffc72
result_7: 0xfffffd9a
result_8: 0x000000a6
result_9: 0xffffff69
result_10: 0x0000037e
result_11: 0x00000016
result_12: 0xffffffac
result_13: 0x000001aa
result_14: 0xfffffebd
result_15: 0xffffff53
result_16: 0x000001b1
result_17: 0xfffffe1f
result_18: 0x00000217
result_19: 0xfffffe08
result_20: 0x000001ec
result_21: 0xfffffefd
result_22: 0x0000047d
result_23: 0xffffffa7
result_24: 0xfffffe89
result_25: 0xfffffebc
result_26: 0xfffffe85
result_27: 0xffffff61
result_28: 0xffffff7b
result_29: 0x000002ce
result_30: 0x00000313
result_31: 0xfffffaac
-----------------------------------------

=== Unit 1 Result 2 (Time: 1995000) ===
result_0: 0xffffff6f
result_1: 0xfffffee3
result_2: 0x0000021f
result_3: 0xfffff9cb
result_4: 0x00000167
result_5: 0xfffffda3
result_6: 0x00000035
result_7: 0xfffffd4a
result_8: 0xfffffd25
result_9: 0xffffff78
result_10: 0xfffffec3
result_11: 0x000000dc
result_12: 0x0000049c
result_13: 0xfffffc05
result_14: 0xffffff33
result_15: 0x00000044
result_16: 0xffffff8e
result_17: 0x00000237
result_18: 0xfffffcc5
result_19: 0xffffffef
result_20: 0xffffff4b
result_21: 0xfffffe01
result_22: 0x0000002d
result_23: 0xffffff10
result_24: 0x0000033c
result_25: 0xffffff85
result_26: 0x00000231
result_27: 0xfffffea5
result_28: 0xffffff87
result_29: 0xfffffdf3
result_30: 0x0000010b
result_31: 0x00000000
-----------------------------------------

=== Unit 2 Result 2 (Time: 1995000) ===
result_0: 0xfffffbe7
result_1: 0xfffffbc9
result_2: 0xfffffe48
result_3: 0x000003e5
result_4: 0xffffff3f
result_5: 0x00000453
result_6: 0x00000199
result_7: 0x0000018c
result_8: 0xfffffdc7
result_9: 0x00000116
result_10: 0x000000ea
result_11: 0x00000051
result_12: 0x000003d1
result_13: 0x000000b3
result_14: 0x00000073
result_15: 0xfffffe39
result_16: 0xfffffeed
result_17: 0x0000002c
result_18: 0x00000161
result_19: 0xfffffe1c
result_20: 0xfffffe0e
result_21: 0x00000259
result_22: 0xffffffef
result_23: 0x00000597
result_24: 0x0000013a
result_25: 0xfffffe38
result_26: 0x000002ff
result_27: 0x00000352
result_28: 0x00000018
result_29: 0x0000038e
result_30: 0xfffffed0
result_31: 0xffffff70
-----------------------------------------

=== Unit 3 Result 2 (Time: 1995000) ===
result_0: 0xfffffd85
result_1: 0x00000051
result_2: 0xfffffe3d
result_3: 0xfffffe0b
result_4: 0x0000018d
result_5: 0xffffff97
result_6: 0x0000002a
result_7: 0xffffff47
result_8: 0x00000094
result_9: 0xffffff4a
result_10: 0xffffff36
result_11: 0x000001c5
result_12: 0x000001ac
result_13: 0x0000000a
result_14: 0x00000148
result_15: 0xffffffb4
result_16: 0xfffffc7c
result_17: 0xfffffe68
result_18: 0xfffffd04
result_19: 0xffffff9f
result_20: 0x0000006f
result_21: 0x00000154
result_22: 0x000001da
result_23: 0x000000bf
result_24: 0xfffffe7f
result_25: 0xfffffd11
result_26: 0xfffffc9a
result_27: 0x0000030a
result_28: 0xfffffd0e
result_29: 0x0000000b
result_30: 0xfffffedd
result_31: 0xfffffdba
-----------------------------------------

=== Unit 4 Result 2 (Time: 1995000) ===
result_0: 0x00000282
result_1: 0xfffffefc
result_2: 0xffffff12
result_3: 0xfffffdfe
result_4: 0x0000008e
result_5: 0xfffffd7c
result_6: 0xfffffc5e
result_7: 0xffffff98
result_8: 0x00000010
result_9: 0x00000218
result_10: 0x00000048
result_11: 0x00000478
result_12: 0x000001cb
result_13: 0x000000b8
result_14: 0xfffffba1
result_15: 0xfffffd96
result_16: 0xfffffca9
result_17: 0x0000050d
result_18: 0x000000d3
result_19: 0xffffffea
result_20: 0x000001ee
result_21: 0xfffffd5d
result_22: 0xffffffc7
result_23: 0xfffffe77
result_24: 0xfffffcef
result_25: 0x000000bf
result_26: 0xfffffcca
result_27: 0xfffffe05
result_28: 0x0000026f
result_29: 0xffffffce
result_30: 0xffffff7a
result_31: 0x000002b0
-----------------------------------------

=== Unit 5 Result 2 (Time: 1995000) ===
result_0: 0x0000006b
result_1: 0x000001f3
result_2: 0x00000270
result_3: 0xfffffe69
result_4: 0x000000bb
result_5: 0x000001f8
result_6: 0x000000d5
result_7: 0xffffff17
result_8: 0x000002e7
result_9: 0xffffffc5
result_10: 0xfffffda9
result_11: 0x0000041e
result_12: 0x000001a0
result_13: 0x0000007f
result_14: 0x0000005a
result_15: 0xffffffee
result_16: 0xfffffe15
result_17: 0xfffffcaa
result_18: 0x000000ec
result_19: 0xffffff05
result_20: 0x000005ab
result_21: 0xfffffeab
result_22: 0xfffffd19
result_23: 0xfffffea5
result_24: 0x0000001c
result_25: 0xfffffe75
result_26: 0x000000ec
result_27: 0xffffffc1
result_28: 0xfffffba5
result_29: 0xfffffd00
result_30: 0xfffffffd
result_31: 0xfffffd81
-----------------------------------------

=== Unit 6 Result 2 (Time: 1995000) ===
result_0: 0x000000bd
result_1: 0x00000022
result_2: 0xfffffeff
result_3: 0xfffffdbb
result_4: 0xffffff21
result_5: 0x000002b5
result_6: 0x0000019e
result_7: 0x000001b9
result_8: 0xffffff8a
result_9: 0x0000012d
result_10: 0x000000d4
result_11: 0xfffffca7
result_12: 0xfffffde6
result_13: 0xfffffb57
result_14: 0x00000386
result_15: 0xfffffef9
result_16: 0xfffffc19
result_17: 0xfffffbd2
result_18: 0x000000d5
result_19: 0x000002d7
result_20: 0x00000079
result_21: 0x0000008a
result_22: 0xffffff61
result_23: 0xfffffa30
result_24: 0xfffffdcd
result_25: 0xfffffee6
result_26: 0x00000289
result_27: 0xffffff8a
result_28: 0x000001d6
result_29: 0xffffff08
result_30: 0x000003ce
result_31: 0x00000327
-----------------------------------------

=== Unit 7 Result 2 (Time: 1995000) ===
result_0: 0x00000069
result_1: 0x00000184
result_2: 0xffffffd9
result_3: 0x0000031d
result_4: 0xffffff30
result_5: 0x000002cc
result_6: 0x00000202
result_7: 0x00000191
result_8: 0xfffffd4b
result_9: 0x00000378
result_10: 0x00000070
result_11: 0xfffffeef
result_12: 0x00000124
result_13: 0xfffffcef
result_14: 0x000001a1
result_15: 0xfffffd9f
result_16: 0xfffffe9e
result_17: 0xfffffe32
result_18: 0xfffffecc
result_19: 0x000000f6
result_20: 0xfffffe3d
result_21: 0xffffff82
result_22: 0xfffffea6
result_23: 0xfffffe1a
result_24: 0xffffff6f
result_25: 0xffffff72
result_26: 0x0000015e
result_27: 0xffffff30
result_28: 0x000000c2
result_29: 0x000001b1
result_30: 0x0000023e
result_31: 0x00000335
-----------------------------------------

=== Unit 8 Result 2 (Time: 1995000) ===
result_0: 0xfffffb39
result_1: 0x00000011
result_2: 0x00000111
result_3: 0x000002b6
result_4: 0x0000035f
result_5: 0x00000082
result_6: 0xfffffeae
result_7: 0x00000346
result_8: 0x00000262
result_9: 0x00000230
result_10: 0x00000182
result_11: 0x000003a7
result_12: 0xfffffe5f
result_13: 0xfffffffd
result_14: 0x00000094
result_15: 0x000001a1
result_16: 0xffffffed
result_17: 0xffffff6a
result_18: 0xffffff61
result_19: 0x00000119
result_20: 0x000000be
result_21: 0xfffffd53
result_22: 0xfffffe70
result_23: 0x00000415
result_24: 0x0000007d
result_25: 0x00000048
result_26: 0xffffffd1
result_27: 0x00000079
result_28: 0x0000008e
result_29: 0xffffff19
result_30: 0xfffffd5b
result_31: 0xfffffe3f
-----------------------------------------

=== Unit 9 Result 2 (Time: 1995000) ===
result_0: 0xfffffe54
result_1: 0xfffffa12
result_2: 0x00000177
result_3: 0x00000120
result_4: 0xfffffeae
result_5: 0xfffffc3e
result_6: 0xffffff03
result_7: 0xfffffe22
result_8: 0xffffff71
result_9: 0x000003c0
result_10: 0x00000097
result_11: 0x000000c9
result_12: 0x00000269
result_13: 0xfffffd8e
result_14: 0xffffff09
result_15: 0x0000016e
result_16: 0xfffffa57
result_17: 0xfffffd01
result_18: 0x000000d1
result_19: 0xfffffe04
result_20: 0x000000dc
result_21: 0xfffffd6d
result_22: 0xffffffe0
result_23: 0xffffff14
result_24: 0xffffffe5
result_25: 0x00000168
result_26: 0x00000247
result_27: 0xfffffd03
result_28: 0xfffffe35
result_29: 0xfffffdbe
result_30: 0xfffffcd9
result_31: 0x00000061
-----------------------------------------

=== Unit 10 Result 2 (Time: 1995000) ===
result_0: 0x0000026d
result_1: 0xfffffece
result_2: 0xfffffe84
result_3: 0x00000302
result_4: 0x0000000e
result_5: 0xffffffbf
result_6: 0x000000d8
result_7: 0x00000017
result_8: 0xfffffdd4
result_9: 0xffffff49
result_10: 0xfffffeda
result_11: 0x000001a0
result_12: 0x00000300
result_13: 0xfffffffb
result_14: 0x0000022f
result_15: 0xfffffcfc
result_16: 0x00000268
result_17: 0x000000ac
result_18: 0x000001de
result_19: 0xfffffd85
result_20: 0xfffffeb7
result_21: 0xfffffc77
result_22: 0xffffffd0
result_23: 0xfffffddd
result_24: 0x00000169
result_25: 0x000001f0
result_26: 0xffffff95
result_27: 0x00000324
result_28: 0xfffffd30
result_29: 0x0000013c
result_30: 0x0000010f
result_31: 0x000000f2
-----------------------------------------

=== Unit 11 Result 2 (Time: 1995000) ===
result_0: 0x000002bf
result_1: 0x0000013f
result_2: 0xffffffe0
result_3: 0x00000176
result_4: 0xffffff75
result_5: 0xfffffe86
result_6: 0xfffffec4
result_7: 0x000003c3
result_8: 0xfffffff0
result_9: 0xffffffb9
result_10: 0xfffffd98
result_11: 0x00000012
result_12: 0xffffff33
result_13: 0x00000411
result_14: 0xfffffccd
result_15: 0x00000223
result_16: 0x0000017c
result_17: 0xffffffae
result_18: 0xfffffe1a
result_19: 0x0000005a
result_20: 0x0000026d
result_21: 0xfffffef0
result_22: 0xfffffb54
result_23: 0xfffffee5
result_24: 0xffffffa6
result_25: 0x00000180
result_26: 0xfffffd12
result_27: 0xfffffd33
result_28: 0x0000021d
result_29: 0xfffffe55
result_30: 0xfffffe8b
result_31: 0x00000187
-----------------------------------------

=== Unit 12 Result 2 (Time: 1995000) ===
result_0: 0x0000002b
result_1: 0x000002db
result_2: 0xfffffec7
result_3: 0xfffffd6e
result_4: 0x0000020d
result_5: 0x00000561
result_6: 0x0000029c
result_7: 0x0000038d
result_8: 0xffffffa0
result_9: 0x00000129
result_10: 0x000001b3
result_11: 0x00000123
result_12: 0x0000013b
result_13: 0xfffffea1
result_14: 0xffffff2e
result_15: 0xfffffeac
result_16: 0x00000076
result_17: 0x000000f6
result_18: 0xfffffe62
result_19: 0x000000d7
result_20: 0xfffffe50
result_21: 0x00000072
result_22: 0xfffffbd8
result_23: 0xfffffe96
result_24: 0xffffff05
result_25: 0xffffff58
result_26: 0xffffff2e
result_27: 0x0000025f
result_28: 0x0000019c
result_29: 0x0000003e
result_30: 0xfffffff1
result_31: 0x0000029d
-----------------------------------------

=== Unit 13 Result 2 (Time: 1995000) ===
result_0: 0xfffffeb4
result_1: 0xfffffd9f
result_2: 0x0000036f
result_3: 0xfffffd1a
result_4: 0xfffffc0f
result_5: 0x0000010a
result_6: 0x000001fc
result_7: 0x0000012e
result_8: 0xfffffb4a
result_9: 0x00000349
result_10: 0x000003e6
result_11: 0xfffffd67
result_12: 0x000001af
result_13: 0xfffffd30
result_14: 0x00000022
result_15: 0x00000235
result_16: 0x00000062
result_17: 0x00000169
result_18: 0xfffffe50
result_19: 0xfffffe7e
result_20: 0x000000b9
result_21: 0x00000162
result_22: 0x000002d3
result_23: 0xfffffdec
result_24: 0x000000b0
result_25: 0xfffffc55
result_26: 0xfffffe55
result_27: 0xfffffec0
result_28: 0x00000052
result_29: 0xfffffe96
result_30: 0x00000065
result_31: 0x00000021
-----------------------------------------

=== Unit 14 Result 2 (Time: 1995000) ===
result_0: 0xfffffff4
result_1: 0x00000190
result_2: 0xfffffd4d
result_3: 0x0000006e
result_4: 0x00000048
result_5: 0xfffffeb2
result_6: 0xfffffe5f
result_7: 0x000004f1
result_8: 0x0000045d
result_9: 0xfffffc61
result_10: 0x00000112
result_11: 0xfffffc10
result_12: 0xffffff1f
result_13: 0x00000083
result_14: 0x00000350
result_15: 0xffffff50
result_16: 0xfffffe99
result_17: 0xfffffd5e
result_18: 0xffffff30
result_19: 0x0000020f
result_20: 0xffffff3f
result_21: 0x000002c7
result_22: 0xfffffbb2
result_23: 0x00000301
result_24: 0xffffff9b
result_25: 0xfffffe85
result_26: 0x00000075
result_27: 0xfffffb5c
result_28: 0x000001c0
result_29: 0x0000016e
result_30: 0x000007a9
result_31: 0xfffffddc
-----------------------------------------

=== Unit 15 Result 2 (Time: 1995000) ===
result_0: 0x000000e9
result_1: 0xfffffbae
result_2: 0x0000031a
result_3: 0x0000002a
result_4: 0xffffff9c
result_5: 0x0000007a
result_6: 0x000000bb
result_7: 0xfffffc31
result_8: 0xffffff9b
result_9: 0x00000009
result_10: 0xfffffea7
result_11: 0x000002f0
result_12: 0xffffff48
result_13: 0xfffffe35
result_14: 0xfffffee0
result_15: 0x000000b9
result_16: 0x000000a0
result_17: 0xffffffa3
result_18: 0x000002d0
result_19: 0xfffffe58
result_20: 0x0000005f
result_21: 0xffffff6e
result_22: 0xffffff6c
result_23: 0xfffffd85
result_24: 0xfffffebf
result_25: 0xfffffe4e
result_26: 0x00000322
result_27: 0xfffffed0
result_28: 0xffffffb4
result_29: 0x00000022
result_30: 0xfffffced
result_31: 0x00000181
-----------------------------------------

=== Unit 0 Result 3 (Time: 2055000) ===
result_0: 0x0000025e
result_1: 0xfffffee4
result_2: 0xffffff99
result_3: 0x000001d9
result_4: 0x000000f5
result_5: 0x00000207
result_6: 0xffffff4c
result_7: 0xfffffe7a
result_8: 0x0000024a
result_9: 0x00000116
result_10: 0x0000015a
result_11: 0x00000166
result_12: 0x000000a0
result_13: 0xffffffb4
result_14: 0x0000027b
result_15: 0xffffffe8
result_16: 0x00000207
result_17: 0x000004e0
result_18: 0x00000036
result_19: 0xfffffdbc
result_20: 0x000000ea
result_21: 0x0000001e
result_22: 0x00000054
result_23: 0xffffff91
result_24: 0xfffffd43
result_25: 0x000002ae
result_26: 0xfffffa21
result_27: 0xfffffaab
result_28: 0xffffff09
result_29: 0x0000024c
result_30: 0x0000048d
result_31: 0xfffffe7e
-----------------------------------------

=== Unit 1 Result 3 (Time: 2055000) ===
result_0: 0xfffffe2e
result_1: 0xfffffcea
result_2: 0xfffffc6e
result_3: 0x00000359
result_4: 0xfffffe99
result_5: 0x000000ef
result_6: 0xfffffce6
result_7: 0x00000009
result_8: 0xfffffd7b
result_9: 0x000003fb
result_10: 0xfffffb62
result_11: 0xffffffb1
result_12: 0xffffffa3
result_13: 0xfffffed0
result_14: 0x000000f9
result_15: 0x0000004a
result_16: 0x0000019f
result_17: 0x00000588
result_18: 0x00000042
result_19: 0xfffffb92
result_20: 0x0000017e
result_21: 0xfffffd93
result_22: 0x000001b1
result_23: 0xfffffc2f
result_24: 0xfffffd12
result_25: 0xfffffc71
result_26: 0xffffff3e
result_27: 0x0000018f
result_28: 0x000000d2
result_29: 0xffffffd6
result_30: 0x00000062
result_31: 0x00000089
-----------------------------------------

=== Unit 2 Result 3 (Time: 2055000) ===
result_0: 0xffffff2d
result_1: 0x000001e1
result_2: 0x0000026f
result_3: 0xffffff0d
result_4: 0x00000390
result_5: 0x0000017e
result_6: 0x00000060
result_7: 0x000001ca
result_8: 0x00000125
result_9: 0xfffffd6c
result_10: 0x00000157
result_11: 0xffffffe5
result_12: 0x00000441
result_13: 0xfffffcc2
result_14: 0xffffff7b
result_15: 0xffffff80
result_16: 0xfffffc7d
result_17: 0xfffffacd
result_18: 0x000000b3
result_19: 0x0000025e
result_20: 0xffffffc3
result_21: 0x00000132
result_22: 0x000000a0
result_23: 0x00000261
result_24: 0xfffffe67
result_25: 0x00000184
result_26: 0xfffffdf0
result_27: 0xfffffbf0
result_28: 0xfffffe2d
result_29: 0xfffffe6e
result_30: 0x00000118
result_31: 0xfffffdbe
-----------------------------------------

=== Unit 3 Result 3 (Time: 2055000) ===
result_0: 0xfffffffe
result_1: 0xffffff07
result_2: 0xffffff2e
result_3: 0xffffffc2
result_4: 0x000000a2
result_5: 0xfffffe0f
result_6: 0xfffffb40
result_7: 0xfffffd40
result_8: 0x00000177
result_9: 0x000000b2
result_10: 0x000001a5
result_11: 0x00000015
result_12: 0x00000215
result_13: 0x00000293
result_14: 0xffffff2d
result_15: 0xffffff12
result_16: 0xffffff80
result_17: 0x000003a1
result_18: 0xfffffd15
result_19: 0xfffffc31
result_20: 0xfffffec8
result_21: 0xfffffc1e
result_22: 0x000001b9
result_23: 0xfffffe45
result_24: 0x00000104
result_25: 0xfffffd58
result_26: 0x00000299
result_27: 0x00000029
result_28: 0x000000b4
result_29: 0x000002bf
result_30: 0x000000e2
result_31: 0x0000019e
-----------------------------------------

=== Unit 4 Result 3 (Time: 2055000) ===
result_0: 0xfffffc7c
result_1: 0xffffff14
result_2: 0xfffffe84
result_3: 0xfffffecc
result_4: 0x000000e8
result_5: 0x000002c6
result_6: 0xfffffdae
result_7: 0x0000028e
result_8: 0xfffffdc5
result_9: 0x00000300
result_10: 0xffffff99
result_11: 0xfffffd64
result_12: 0xfffffdda
result_13: 0x000002ae
result_14: 0x000000ef
result_15: 0xfffffd2d
result_16: 0x00000373
result_17: 0xffffffe0
result_18: 0x000006c5
result_19: 0xfffffae2
result_20: 0xfffffe30
result_21: 0xffffff2c
result_22: 0xfffffe9e
result_23: 0xfffffe93
result_24: 0xfffffdbd
result_25: 0xffffff5c
result_26: 0xffffff03
result_27: 0x0000012d
result_28: 0xfffffba1
result_29: 0x00000371
result_30: 0x000001ef
result_31: 0xffffff02
-----------------------------------------

=== Unit 5 Result 3 (Time: 2055000) ===
result_0: 0xfffffdc7
result_1: 0xffffff15
result_2: 0x000003e5
result_3: 0xfffffd6e
result_4: 0x000001bc
result_5: 0xffffff85
result_6: 0xffffff5a
result_7: 0xfffffdb6
result_8: 0x00000011
result_9: 0x000004ff
result_10: 0xffffffb2
result_11: 0x0000015e
result_12: 0x000000ec
result_13: 0xffffff63
result_14: 0xfffffe87
result_15: 0x0000023c
result_16: 0xffffffe5
result_17: 0xffffff73
result_18: 0xfffffd68
result_19: 0x000000ec
result_20: 0xfffffc19
result_21: 0xfffffe8c
result_22: 0x000000c2
result_23: 0xfffffdf0
result_24: 0x000000e3
result_25: 0x00000030
result_26: 0x00000031
result_27: 0xffffff3a
result_28: 0x00000007
result_29: 0x000002aa
result_30: 0xfffffd3f
result_31: 0xfffffeb0
-----------------------------------------

=== Unit 6 Result 3 (Time: 2055000) ===
result_0: 0xfffffb7f
result_1: 0x00000382
result_2: 0x00000025
result_3: 0x00000121
result_4: 0xfffffde0
result_5: 0x00000325
result_6: 0xffffff19
result_7: 0xfffffe33
result_8: 0xfffffdcb
result_9: 0xfffffc07
result_10: 0xffffff35
result_11: 0x0000007d
result_12: 0xffffff49
result_13: 0xffffff49
result_14: 0xfffffffc
result_15: 0x000001f8
result_16: 0xffffffb3
result_17: 0x000000a3
result_18: 0xfffffcea
result_19: 0xfffff88a
result_20: 0xfffffd9b
result_21: 0xfffffe98
result_22: 0x0000026e
result_23: 0x00000016
result_24: 0xfffffc5f
result_25: 0x000001fa
result_26: 0x00000031
result_27: 0xfffffeab
result_28: 0xffffff75
result_29: 0xffffff7d
result_30: 0x000000e2
result_31: 0x000001e6
-----------------------------------------

=== Unit 7 Result 3 (Time: 2055000) ===
result_0: 0xfffffdf5
result_1: 0xfffffe71
result_2: 0x0000048b
result_3: 0x000001a6
result_4: 0xfffffdd0
result_5: 0xfffffe85
result_6: 0xfffffcf5
result_7: 0x00000061
result_8: 0xffffff0d
result_9: 0x00000021
result_10: 0x000000c0
result_11: 0xffffffcc
result_12: 0xfffffead
result_13: 0xfffffcbf
result_14: 0x0000030c
result_15: 0xfffffc66
result_16: 0x00000174
result_17: 0xffffff8e
result_18: 0x0000017b
result_19: 0xfffffdd5
result_20: 0x000000e6
result_21: 0x0000008d
result_22: 0xfffffd9f
result_23: 0x00000309
result_24: 0xfffffd65
result_25: 0x000000ac
result_26: 0xffffffcb
result_27: 0xffffff66
result_28: 0x00000142
result_29: 0x00000088
result_30: 0x000003e4
result_31: 0x00000530
-----------------------------------------

=== Unit 8 Result 3 (Time: 2055000) ===
result_0: 0xfffffcfb
result_1: 0xfffffdce
result_2: 0x0000005a
result_3: 0x00000026
result_4: 0x000000e1
result_5: 0xfffffe5e
result_6: 0x00000025
result_7: 0xffffff5b
result_8: 0xfffffd8e
result_9: 0xffffffec
result_10: 0x00000483
result_11: 0xfffffd28
result_12: 0x00000149
result_13: 0xfffffe19
result_14: 0xfffffdd7
result_15: 0xfffffe21
result_16: 0xfffffd9c
result_17: 0x000000a8
result_18: 0x0000005f
result_19: 0x00000057
result_20: 0x000000dd
result_21: 0xfffffea1
result_22: 0xfffffe65
result_23: 0xfffffba0
result_24: 0x0000032a
result_25: 0xffffff81
result_26: 0x00000054
result_27: 0x00000021
result_28: 0x00000312
result_29: 0xffffff4c
result_30: 0xfffffcc1
result_31: 0xfffffbca
-----------------------------------------

=== Unit 9 Result 3 (Time: 2055000) ===
result_0: 0xffffff38
result_1: 0x000001f2
result_2: 0xfffffb1a
result_3: 0xfffffc3f
result_4: 0xfffffd5d
result_5: 0x00000231
result_6: 0xfffffff6
result_7: 0xfffffed5
result_8: 0x00000017
result_9: 0x0000008d
result_10: 0xfffffbcf
result_11: 0xfffffef4
result_12: 0xfffffed5
result_13: 0xfffffd98
result_14: 0xffffffad
result_15: 0xffffff18
result_16: 0x0000022c
result_17: 0x00000357
result_18: 0x000000f2
result_19: 0x0000017f
result_20: 0xfffffb77
result_21: 0xffffffe1
result_22: 0xffffffad
result_23: 0xfffffded
result_24: 0xfffffd18
result_25: 0xfffffc09
result_26: 0x0000013a
result_27: 0x00000141
result_28: 0xfffffe1a
result_29: 0xfffffdf0
result_30: 0xfffffcb0
result_31: 0xfffffefe
-----------------------------------------

=== Unit 10 Result 3 (Time: 2055000) ===
result_0: 0x000003d0
result_1: 0xffffff88
result_2: 0xffffffd9
result_3: 0x0000009b
result_4: 0x00000445
result_5: 0x00000219
result_6: 0x0000027c
result_7: 0x000002d5
result_8: 0xfffffe18
result_9: 0xfffffd7a
result_10: 0xffffffed
result_11: 0x00000410
result_12: 0x00000226
result_13: 0x000002af
result_14: 0xfffffb68
result_15: 0x00000032
result_16: 0xfffffd86
result_17: 0x000000bb
result_18: 0xfffffc2b
result_19: 0xfffffe81
result_20: 0xfffffc98
result_21: 0x00000377
result_22: 0x00000017
result_23: 0x000001c1
result_24: 0x00000071
result_25: 0x0000052d
result_26: 0x0000023c
result_27: 0xfffffdb9
result_28: 0xfffffc89
result_29: 0x00000457
result_30: 0x0000001d
result_31: 0x00000226
-----------------------------------------

=== Unit 11 Result 3 (Time: 2055000) ===
result_0: 0xffffff21
result_1: 0x00000211
result_2: 0x00000072
result_3: 0x0000024c
result_4: 0xffffff8b
result_5: 0xfffffba6
result_6: 0x000001fb
result_7: 0xfffffecc
result_8: 0x00000286
result_9: 0xfffffeff
result_10: 0x000000ef
result_11: 0x00000062
result_12: 0xfffffdfa
result_13: 0xfffffe8a
result_14: 0xfffffe6b
result_15: 0x000000eb
result_16: 0xfffffa9f
result_17: 0xffffff26
result_18: 0xfffffe24
result_19: 0x0000003b
result_20: 0xffffffb7
result_21: 0xfffffd13
result_22: 0x00000445
result_23: 0x000001ab
result_24: 0x00000157
result_25: 0x000000f9
result_26: 0x000000f3
result_27: 0x00000292
result_28: 0x0000014e
result_29: 0x00000032
result_30: 0xfffffeb4
result_31: 0x000003ff
-----------------------------------------

=== Unit 12 Result 3 (Time: 2055000) ===
result_0: 0xfffffd91
result_1: 0xfffffa77
result_2: 0x000005c0
result_3: 0xffffffba
result_4: 0x00000158
result_5: 0x0000012e
result_6: 0x000003f1
result_7: 0xffffffbb
result_8: 0x00000110
result_9: 0x00000155
result_10: 0xffffff77
result_11: 0x00000342
result_12: 0x0000020a
result_13: 0x0000015c
result_14: 0x00000197
result_15: 0xfffffd10
result_16: 0xffffffe6
result_17: 0xfffffab2
result_18: 0xfffffde0
result_19: 0xfffffb8b
result_20: 0x00000122
result_21: 0x000000d2
result_22: 0xfffffdb9
result_23: 0xfffffe61
result_24: 0x00000092
result_25: 0x000003f5
result_26: 0xfffffc6a
result_27: 0xffffff71
result_28: 0x00000006
result_29: 0x0000022d
result_30: 0x0000056b
result_31: 0x0000006a
-----------------------------------------

=== Unit 13 Result 3 (Time: 2055000) ===
result_0: 0xfffffc19
result_1: 0x0000003d
result_2: 0xffffff3b
result_3: 0x0000015f
result_4: 0xffffff6d
result_5: 0xfffffed0
result_6: 0x000001c9
result_7: 0xfffffe35
result_8: 0x0000008f
result_9: 0xfffffdbd
result_10: 0x000007f3
result_11: 0xfffffe46
result_12: 0x000000f1
result_13: 0xfffffd5b
result_14: 0x00000047
result_15: 0xfffffb61
result_16: 0xffffff8e
result_17: 0xfffffc8c
result_18: 0x00000063
result_19: 0xffffff98
result_20: 0x00000284
result_21: 0xfffffe76
result_22: 0x000000b1
result_23: 0xfffffd12
result_24: 0x00000168
result_25: 0xfffffc1a
result_26: 0x00000368
result_27: 0xffffff81
result_28: 0x00000290
result_29: 0xfffffe63
result_30: 0xfffffe48
result_31: 0xffffff65
-----------------------------------------

=== Unit 14 Result 3 (Time: 2055000) ===
result_0: 0x00000231
result_1: 0x0000009c
result_2: 0xffffff9a
result_3: 0xfffffc75
result_4: 0xfffffd24
result_5: 0x0000033d
result_6: 0xfffffcfb
result_7: 0xfffffb1e
result_8: 0xfffffe9b
result_9: 0xfffffc70
result_10: 0x00000222
result_11: 0x0000011d
result_12: 0xfffffcb7
result_13: 0x000000df
result_14: 0xffffffce
result_15: 0x000003eb
result_16: 0x000004c1
result_17: 0x00000070
result_18: 0x0000026f
result_19: 0x000001d6
result_20: 0xfffffe8c
result_21: 0x00000240
result_22: 0xfffffe0f
result_23: 0x000004bb
result_24: 0x0000008d
result_25: 0x0000007f
result_26: 0xfffffea1
result_27: 0xfffffd7f
result_28: 0x0000038e
result_29: 0xfffffbdd
result_30: 0x00000376
result_31: 0xffffff32
-----------------------------------------

=== Unit 15 Result 3 (Time: 2055000) ===
result_0: 0x0000028a
result_1: 0x0000015c
result_2: 0xffffff5d
result_3: 0xfffffcb9
result_4: 0x00000163
result_5: 0x000002bd
result_6: 0xffffff71
result_7: 0x0000014f
result_8: 0x00000006
result_9: 0x0000003f
result_10: 0x00000153
result_11: 0x000002a4
result_12: 0xfffffe9b
result_13: 0x00000037
result_14: 0x00000077
result_15: 0x00000332
result_16: 0xffffff62
result_17: 0x000002e4
result_18: 0xfffffdf0
result_19: 0xffffff7e
result_20: 0xfffffef0
result_21: 0xffffffc1
result_22: 0xffffffe3
result_23: 0xffffff12
result_24: 0xfffffd83
result_25: 0x0000012e
result_26: 0xffffff75
result_27: 0xffffff2f
result_28: 0xffffffe5
result_29: 0x00000311
result_30: 0xffffffa6
result_31: 0x0000007e
-----------------------------------------

=== Unit 0 Result 4 (Time: 2115000) ===
result_0: 0x000001ad
result_1: 0xfffffd6b
result_2: 0xfffffe45
result_3: 0x000000b0
result_4: 0x000000a7
result_5: 0xffffff6d
result_6: 0x00000117
result_7: 0xffffff54
result_8: 0xfffffdad
result_9: 0xffffffea
result_10: 0xffffff0c
result_11: 0x00000312
result_12: 0x00000066
result_13: 0xffffff09
result_14: 0xfffffd9c
result_15: 0xffffffda
result_16: 0xfffffc7b
result_17: 0xffffff0b
result_18: 0x00000317
result_19: 0xfffffc95
result_20: 0xfffffd1f
result_21: 0x000001f7
result_22: 0xfffffe84
result_23: 0x0000007b
result_24: 0xffffffaf
result_25: 0xfffffe37
result_26: 0xfffffff7
result_27: 0xfffffc58
result_28: 0x000000c6
result_29: 0x0000024c
result_30: 0x00000292
result_31: 0x0000012c
-----------------------------------------

=== Unit 1 Result 4 (Time: 2115000) ===
result_0: 0x00000005
result_1: 0xfffffe31
result_2: 0xfffffdf5
result_3: 0x00000150
result_4: 0xfffffebc
result_5: 0x000003e4
result_6: 0x00000239
result_7: 0xfffffdf7
result_8: 0x000000e8
result_9: 0x00000155
result_10: 0x00000327
result_11: 0xffffff0b
result_12: 0x000002d8
result_13: 0xffffff51
result_14: 0xfffffd8c
result_15: 0xffffffcd
result_16: 0xffffff8a
result_17: 0x00000046
result_18: 0x00000021
result_19: 0x00000397
result_20: 0x0000000a
result_21: 0x000000b9
result_22: 0xffffff23
result_23: 0x00000062
result_24: 0x000000e7
result_25: 0xfffffddc
result_26: 0xfffffef9
result_27: 0xffffff9d
result_28: 0x00000178
result_29: 0xfffffe9a
result_30: 0x00000310
result_31: 0xfffffe3a
-----------------------------------------

=== Unit 2 Result 4 (Time: 2115000) ===
result_0: 0xfffffda1
result_1: 0x0000027a
result_2: 0x0000005f
result_3: 0x000000fc
result_4: 0x0000012a
result_5: 0x00000158
result_6: 0x000003e2
result_7: 0x00000262
result_8: 0x00000019
result_9: 0x00000381
result_10: 0x00000034
result_11: 0x00000103
result_12: 0x00000032
result_13: 0xfffffc50
result_14: 0xffffff98
result_15: 0xffffffce
result_16: 0x0000026c
result_17: 0xffffff9b
result_18: 0xfffffe82
result_19: 0xfffffea8
result_20: 0xffffff6c
result_21: 0xfffffe6b
result_22: 0x00000150
result_23: 0xfffffaea
result_24: 0xfffffd82
result_25: 0x00000189
result_26: 0xfffffc11
result_27: 0xfffffe44
result_28: 0x000000e1
result_29: 0xffffffe1
result_30: 0x00000124
result_31: 0xfffffcc4
-----------------------------------------

=== Unit 3 Result 4 (Time: 2115000) ===
result_0: 0xfffffeba
result_1: 0xfffffce6
result_2: 0xffffff22
result_3: 0xfffffdaf
result_4: 0xfffffdf6
result_5: 0x000001e5
result_6: 0x00000149
result_7: 0xfffffcc0
result_8: 0x000002d6
result_9: 0x00000027
result_10: 0x00000209
result_11: 0xfffffd85
result_12: 0x0000023c
result_13: 0x0000011b
result_14: 0xfffffeab
result_15: 0xfffffea3
result_16: 0x00000004
result_17: 0xffffff98
result_18: 0x000002af
result_19: 0xfffffaf4
result_20: 0x000000ae
result_21: 0xfffffdc5
result_22: 0xfffffee8
result_23: 0x000000a6
result_24: 0x00000394
result_25: 0x0000026b
result_26: 0x0000023b
result_27: 0xfffffb40
result_28: 0x00000396
result_29: 0x0000024c
result_30: 0x0000017e
result_31: 0x0000004c
-----------------------------------------

=== Unit 4 Result 4 (Time: 2115000) ===
result_0: 0xfffffcdf
result_1: 0xffffff00
result_2: 0xfffffd5f
result_3: 0x0000009e
result_4: 0x000000d5
result_5: 0x00000241
result_6: 0xfffffa57
result_7: 0xffffffda
result_8: 0x000001ca
result_9: 0x000003ad
result_10: 0x000001c1
result_11: 0x00000022
result_12: 0xfffffc0e
result_13: 0xfffffeda
result_14: 0x000002de
result_15: 0x0000018c
result_16: 0x000001f5
result_17: 0xffffffe0
result_18: 0xfffffc79
result_19: 0xffffff5a
result_20: 0x000000cd
result_21: 0x000001fc
result_22: 0xfffffd22
result_23: 0x00000020
result_24: 0x000001f6
result_25: 0xffffff14
result_26: 0x00000050
result_27: 0x00000423
result_28: 0x000000b6
result_29: 0xfffffd5a
result_30: 0xfffffd20
result_31: 0x00000003
-----------------------------------------

=== Unit 5 Result 4 (Time: 2115000) ===
result_0: 0x00000098
result_1: 0x00000275
result_2: 0x00000186
result_3: 0xfffffed1
result_4: 0x00000201
result_5: 0x000001a4
result_6: 0xffffffd3
result_7: 0x00000244
result_8: 0x00000073
result_9: 0x00000125
result_10: 0x000000e2
result_11: 0x0000002e
result_12: 0x000001bf
result_13: 0x000000cd
result_14: 0xfffffe5b
result_15: 0x00000011
result_16: 0x000000d2
result_17: 0x0000029b
result_18: 0x000000b7
result_19: 0x00000083
result_20: 0x00000007
result_21: 0xfffffd13
result_22: 0xffffff59
result_23: 0x00000295
result_24: 0x000005c4
result_25: 0x000002ec
result_26: 0xfffffe9a
result_27: 0xffffff8f
result_28: 0x00000084
result_29: 0xffffff84
result_30: 0x0000015b
result_31: 0xfffffdd8
-----------------------------------------

=== Unit 6 Result 4 (Time: 2115000) ===
result_0: 0xfffffe18
result_1: 0x00000042
result_2: 0xfffffe88
result_3: 0x0000001f
result_4: 0x000001b4
result_5: 0xfffffe68
result_6: 0x0000007c
result_7: 0x000001a9
result_8: 0x00000414
result_9: 0x00000062
result_10: 0x00000196
result_11: 0x00000083
result_12: 0x00000252
result_13: 0x0000021f
result_14: 0x000000d8
result_15: 0x00000102
result_16: 0xffffff6c
result_17: 0xfffffee5
result_18: 0xffffff87
result_19: 0x000000d5
result_20: 0x00000136
result_21: 0x00000336
result_22: 0x0000001b
result_23: 0xffffffb1
result_24: 0x0000037b
result_25: 0xffffffb4
result_26: 0x000001d6
result_27: 0xffffff39
result_28: 0x000003fb
result_29: 0x00000333
result_30: 0xffffffb1
result_31: 0x000002a0
-----------------------------------------

=== Unit 7 Result 4 (Time: 2115000) ===
result_0: 0x0000012f
result_1: 0xffffffa5
result_2: 0x00000238
result_3: 0x000001c4
result_4: 0x000000a1
result_5: 0x0000016f
result_6: 0xffffff23
result_7: 0xfffffd35
result_8: 0x00000330
result_9: 0xfffffb98
result_10: 0x0000024b
result_11: 0xfffffd5a
result_12: 0x00000443
result_13: 0x0000009e
result_14: 0xffffff12
result_15: 0xffffff9f
result_16: 0xfffffbec
result_17: 0x00000088
result_18: 0xffffff6f
result_19: 0x00000183
result_20: 0xfffffefd
result_21: 0x00000160
result_22: 0x00000079
result_23: 0xffffff2a
result_24: 0x0000014e
result_25: 0x000000dd
result_26: 0xfffffce8
result_27: 0x00000194
result_28: 0xfffffe8e
result_29: 0x000002f7
result_30: 0xffffff22
result_31: 0x00000028
-----------------------------------------

=== Unit 8 Result 4 (Time: 2115000) ===
result_0: 0xfffffc89
result_1: 0x00000176
result_2: 0x000007a0
result_3: 0xffffff13
result_4: 0xfffffe75
result_5: 0xffffff94
result_6: 0x0000041d
result_7: 0x0000022d
result_8: 0xfffffdf4
result_9: 0x000001e2
result_10: 0xffffff63
result_11: 0xfffffffa
result_12: 0xfffffe83
result_13: 0x000000a5
result_14: 0xfffffff5
result_15: 0xffffff1e
result_16: 0x00000273
result_17: 0xfffffdff
result_18: 0xfffffd6d
result_19: 0x0000011b
result_20: 0xffffff29
result_21: 0xffffffd9
result_22: 0xfffffdee
result_23: 0x00000197
result_24: 0x00000359
result_25: 0x00000228
result_26: 0xfffffdf1
result_27: 0x00000121
result_28: 0xffffff98
result_29: 0xfffffa38
result_30: 0x000000b9
result_31: 0x000000d4
-----------------------------------------

=== Unit 9 Result 4 (Time: 2115000) ===
result_0: 0xfffffd21
result_1: 0x0000045b
result_2: 0xfffffd42
result_3: 0xffffffe4
result_4: 0xfffffeb5
result_5: 0x0000037e
result_6: 0x000000ae
result_7: 0x00000306
result_8: 0x000001a2
result_9: 0xfffffdce
result_10: 0xfffffdba
result_11: 0xfffffed0
result_12: 0x0000042f
result_13: 0xffffff8e
result_14: 0x00000238
result_15: 0xfffffd39
result_16: 0xfffffea1
result_17: 0x00000280
result_18: 0x00000102
result_19: 0x00000402
result_20: 0x000003e1
result_21: 0x00000305
result_22: 0xfffffed2
result_23: 0xfffffcc4
result_24: 0x0000023a
result_25: 0xfffffc35
result_26: 0x00000148
result_27: 0xfffffca3
result_28: 0xffffffb2
result_29: 0x0000029d
result_30: 0xffffff32
result_31: 0x00000110
-----------------------------------------

=== Unit 10 Result 4 (Time: 2115000) ===
result_0: 0x000000ba
result_1: 0xfffffe91
result_2: 0xfffffda7
result_3: 0xfffffe5c
result_4: 0x00000092
result_5: 0xfffffc9d
result_6: 0xfffffc18
result_7: 0x0000004a
result_8: 0x00000472
result_9: 0xfffffe79
result_10: 0xfffffe55
result_11: 0x000000a1
result_12: 0x000002d8
result_13: 0xfffffe20
result_14: 0xffffff6d
result_15: 0x0000036f
result_16: 0xfffffe30
result_17: 0xfffffbeb
result_18: 0xfffffef1
result_19: 0xfffffe99
result_20: 0x00000100
result_21: 0xfffffb42
result_22: 0x000004ff
result_23: 0xffffff81
result_24: 0xfffffd18
result_25: 0x0000005b
result_26: 0x0000061f
result_27: 0x000001c1
result_28: 0x0000009b
result_29: 0x00000425
result_30: 0xfffffecb
result_31: 0x00000021
-----------------------------------------

=== Unit 11 Result 4 (Time: 2115000) ===
result_0: 0x000000f1
result_1: 0x000004f8
result_2: 0x00000222
result_3: 0xffffff2e
result_4: 0x0000023f
result_5: 0xfffffd24
result_6: 0xfffffcfc
result_7: 0x0000001c
result_8: 0xfffffcae
result_9: 0xffffff12
result_10: 0x000002b2
result_11: 0x00000156
result_12: 0xfffffffc
result_13: 0x00000409
result_14: 0xfffffca9
result_15: 0x00000322
result_16: 0x0000033c
result_17: 0xfffffe31
result_18: 0x00000228
result_19: 0x00000128
result_20: 0x000000c1
result_21: 0xfffffcaa
result_22: 0x0000057a
result_23: 0xffffff9a
result_24: 0xfffffd86
result_25: 0x000003a6
result_26: 0x00000221
result_27: 0x00000267
result_28: 0x0000012f
result_29: 0xfffffc3d
result_30: 0xfffffcb6
result_31: 0xfffffd74
-----------------------------------------

=== Unit 12 Result 4 (Time: 2115000) ===
result_0: 0xfffffb71
result_1: 0xfffffd59
result_2: 0x00000078
result_3: 0xffffff53
result_4: 0xfffffd04
result_5: 0xfffffe73
result_6: 0x0000003c
result_7: 0x0000019e
result_8: 0x0000011f
result_9: 0xfffffff4
result_10: 0x00000266
result_11: 0xffffff45
result_12: 0xfffffeb2
result_13: 0x0000003b
result_14: 0xfffffd4b
result_15: 0xfffffee0
result_16: 0x000000b4
result_17: 0x00000019
result_18: 0xfffffc61
result_19: 0xfffffa70
result_20: 0x0000015f
result_21: 0xfffffd67
result_22: 0x0000003c
result_23: 0x0000018f
result_24: 0x0000009d
result_25: 0x0000032e
result_26: 0xfffffefb
result_27: 0x00000208
result_28: 0x000005f9
result_29: 0xfffffec2
result_30: 0x00000466
result_31: 0x000001e3
-----------------------------------------

=== Unit 13 Result 4 (Time: 2115000) ===
result_0: 0xfffffe7a
result_1: 0x000005a3
result_2: 0xffffff83
result_3: 0x000001fe
result_4: 0x000002f0
result_5: 0x0000007d
result_6: 0xffffffcc
result_7: 0xfffffee1
result_8: 0x000002f3
result_9: 0x00000039
result_10: 0x000000e4
result_11: 0x00000139
result_12: 0xfffffd00
result_13: 0x000002dd
result_14: 0xffffff01
result_15: 0x000000f7
result_16: 0xffffff63
result_17: 0xfffffd05
result_18: 0xfffffecc
result_19: 0x00000076
result_20: 0xfffffd4b
result_21: 0x00000417
result_22: 0xfffffd22
result_23: 0x000000a6
result_24: 0xfffffb65
result_25: 0x000000ce
result_26: 0x000002be
result_27: 0x000000a5
result_28: 0x00000291
result_29: 0xfffffa2f
result_30: 0x0000035d
result_31: 0xfffffd09
-----------------------------------------

=== Unit 14 Result 4 (Time: 2115000) ===
result_0: 0x00000359
result_1: 0x00000000
result_2: 0xfffffced
result_3: 0x000002b1
result_4: 0xffffffa3
result_5: 0x000003ab
result_6: 0x00000280
result_7: 0x000000bc
result_8: 0xfffffc20
result_9: 0xfffffed7
result_10: 0xfffffda0
result_11: 0x000002bf
result_12: 0x00000426
result_13: 0x0000035d
result_14: 0x0000026f
result_15: 0xfffffae6
result_16: 0xfffffe77
result_17: 0x00000601
result_18: 0x00000146
result_19: 0x000004ec
result_20: 0xfffffd5b
result_21: 0x000001be
result_22: 0xfffffb13
result_23: 0x00000108
result_24: 0xfffffe7e
result_25: 0x0000014f
result_26: 0xfffffe00
result_27: 0x00000021
result_28: 0xffffff7e
result_29: 0x0000024e
result_30: 0xffffffc4
result_31: 0x00000236
-----------------------------------------

=== Unit 15 Result 4 (Time: 2115000) ===
result_0: 0x0000010e
result_1: 0xffffff58
result_2: 0xfffffd14
result_3: 0x0000001d
result_4: 0xfffffed5
result_5: 0x0000037f
result_6: 0xfffffd86
result_7: 0xffffff50
result_8: 0xfffffd45
result_9: 0x000002a0
result_10: 0x00000004
result_11: 0xfffffe87
result_12: 0x0000020a
result_13: 0xfffffbad
result_14: 0x0000023d
result_15: 0x000002e3
result_16: 0x000004bc
result_17: 0x0000016d
result_18: 0x000002cc
result_19: 0xfffffeba
result_20: 0x0000023b
result_21: 0x0000009d
result_22: 0x00000215
result_23: 0xfffffd32
result_24: 0x000000fb
result_25: 0xffffff68
result_26: 0x00000261
result_27: 0xfffffc2f
result_28: 0x000002ac
result_29: 0x00000129
result_30: 0x0000018f
result_31: 0xfffffea6
-----------------------------------------

=== Unit 0 Result 5 (Time: 2175000) ===
result_0: 0xfffffdfc
result_1: 0xffffff82
result_2: 0xfffffd56
result_3: 0x00000008
result_4: 0x00000224
result_5: 0xfffffff4
result_6: 0xffffff85
result_7: 0x00000160
result_8: 0x000001c8
result_9: 0x000000f7
result_10: 0x000001a6
result_11: 0xfffffe4d
result_12: 0xfffffda6
result_13: 0xfffffea7
result_14: 0x00000173
result_15: 0xffffff5e
result_16: 0xfffffc0c
result_17: 0xfffffdb0
result_18: 0x00000208
result_19: 0x0000011f
result_20: 0xffffff91
result_21: 0x000000b9
result_22: 0x000000ae
result_23: 0x000002e5
result_24: 0xfffffee0
result_25: 0x00000048
result_26: 0x00000038
result_27: 0x000000ba
result_28: 0xfffffd64
result_29: 0x00000348
result_30: 0xfffffd5c
result_31: 0x00000130
-----------------------------------------

=== Unit 1 Result 5 (Time: 2175000) ===
result_0: 0x00000109
result_1: 0x000001f8
result_2: 0x00000019
result_3: 0x000002c6
result_4: 0xfffffeca
result_5: 0x000000b6
result_6: 0x0000007d
result_7: 0xfffffdca
result_8: 0xffffff6a
result_9: 0x00000152
result_10: 0xfffffeec
result_11: 0xfffffcdc
result_12: 0x0000004c
result_13: 0x00000250
result_14: 0x0000029a
result_15: 0x00000105
result_16: 0xffffff39
result_17: 0xffffff0d
result_18: 0x000000c7
result_19: 0xfffffc84
result_20: 0xfffffc94
result_21: 0x0000019f
result_22: 0x0000010c
result_23: 0x000003f8
result_24: 0xfffffe4e
result_25: 0x00000169
result_26: 0xffffff14
result_27: 0xfffffdd3
result_28: 0x000000ce
result_29: 0x00000218
result_30: 0xfffffd15
result_31: 0xfffffda4
-----------------------------------------

=== Unit 2 Result 5 (Time: 2175000) ===
result_0: 0xffffff14
result_1: 0x000000f2
result_2: 0x0000008d
result_3: 0xfffffdd4
result_4: 0x00000108
result_5: 0x000002b3
result_6: 0x000003c2
result_7: 0x000002eb
result_8: 0x000001d5
result_9: 0xfffffc4e
result_10: 0xfffffe6f
result_11: 0xffffff5d
result_12: 0x000000a3
result_13: 0x00000007
result_14: 0xfffffda2
result_15: 0x00000285
result_16: 0xffffff26
result_17: 0x000002b7
result_18: 0xffffff04
result_19: 0xfffffcb3
result_20: 0xfffffc39
result_21: 0xffffffd4
result_22: 0xfffff9e5
result_23: 0x00000075
result_24: 0xffffff52
result_25: 0x000001a8
result_26: 0x00000053
result_27: 0xfffffd7d
result_28: 0xffffff37
result_29: 0x0000041d
result_30: 0xfffffe2e
result_31: 0xfffffe19
-----------------------------------------

=== Unit 3 Result 5 (Time: 2175000) ===
result_0: 0x00000379
result_1: 0x00000071
result_2: 0x00000028
result_3: 0xfffffe71
result_4: 0xffffffed
result_5: 0xfffffe87
result_6: 0x000003ad
result_7: 0x000001ea
result_8: 0xffffffd4
result_9: 0xfffffec0
result_10: 0x00000429
result_11: 0x000003dd
result_12: 0xfffffe25
result_13: 0x00000121
result_14: 0x00000161
result_15: 0xffffff23
result_16: 0x000000a7
result_17: 0xffffff8d
result_18: 0xffffffdc
result_19: 0xfffffec7
result_20: 0x0000016a
result_21: 0xfffffe47
result_22: 0x000001a8
result_23: 0x00000113
result_24: 0x00000308
result_25: 0xffffff92
result_26: 0xfffffdc0
result_27: 0xffffffb5
result_28: 0x00000053
result_29: 0x00000007
result_30: 0x000001bb
result_31: 0x00000099
-----------------------------------------

=== Unit 4 Result 5 (Time: 2175000) ===
result_0: 0x000001a5
result_1: 0xfffffe6e
result_2: 0xfffffff0
result_3: 0xfffffd9d
result_4: 0xfffffcbf
result_5: 0xfffffdfe
result_6: 0x0000022d
result_7: 0xfffffc98
result_8: 0xfffffb6b
result_9: 0xffffff3f
result_10: 0x0000010f
result_11: 0xfffffdc3
result_12: 0xffffffeb
result_13: 0x00000087
result_14: 0xffffffff
result_15: 0xffffff17
result_16: 0x000001c7
result_17: 0xffffff9d
result_18: 0x00000019
result_19: 0xfffffcc2
result_20: 0x00000229
result_21: 0xfffffd52
result_22: 0x00000103
result_23: 0xfffffe04
result_24: 0xfffffcf1
result_25: 0xfffffe45
result_26: 0x0000031e
result_27: 0x00000260
result_28: 0x000002af
result_29: 0xfffffd01
result_30: 0xffffff5f
result_31: 0x0000008f
-----------------------------------------

=== Unit 5 Result 5 (Time: 2175000) ===
result_0: 0x00000401
result_1: 0xfffffef8
result_2: 0xffffff14
result_3: 0xfffffde2
result_4: 0xffffff51
result_5: 0x0000017a
result_6: 0xfffffc29
result_7: 0xfffffe1f
result_8: 0xfffffe31
result_9: 0x000000bc
result_10: 0x0000037a
result_11: 0x000000d3
result_12: 0x000000ce
result_13: 0x00000252
result_14: 0x000000a4
result_15: 0xfffffd63
result_16: 0xffffff61
result_17: 0x000002ab
result_18: 0xffffffa0
result_19: 0xfffffe02
result_20: 0x000000d7
result_21: 0x00000285
result_22: 0xffffff89
result_23: 0x0000016c
result_24: 0x00000066
result_25: 0xfffffcf2
result_26: 0xffffff03
result_27: 0x00000096
result_28: 0x0000047a
result_29: 0xfffffffd
result_30: 0xfffffeee
result_31: 0xfffffffe
-----------------------------------------

=== Unit 6 Result 5 (Time: 2175000) ===
result_0: 0xfffffe3f
result_1: 0x00000247
result_2: 0xfffffbf5
result_3: 0x00000168
result_4: 0x0000014d
result_5: 0x00000267
result_6: 0x0000051a
result_7: 0x000001b3
result_8: 0x0000027c
result_9: 0x00000205
result_10: 0x00000085
result_11: 0x0000007e
result_12: 0xfffffed2
result_13: 0x0000021d
result_14: 0xfffffe50
result_15: 0x000004b2
result_16: 0x00000253
result_17: 0xffffff1d
result_18: 0x00000223
result_19: 0x0000010b
result_20: 0x000002f7
result_21: 0x0000024b
result_22: 0xfffffda0
result_23: 0x0000000f
result_24: 0xfffffe61
result_25: 0xfffffe9a
result_26: 0xfffffeb9
result_27: 0x00000175
result_28: 0x000003c0
result_29: 0xfffffc6b
result_30: 0xfffffc70
result_31: 0x00000196
-----------------------------------------

=== Unit 7 Result 5 (Time: 2175000) ===
result_0: 0xffffff36
result_1: 0x000001ed
result_2: 0xffffff45
result_3: 0xfffffee1
result_4: 0x0000024b
result_5: 0x00000376
result_6: 0x00000132
result_7: 0x0000004b
result_8: 0x00000306
result_9: 0xfffffcd2
result_10: 0x0000021c
result_11: 0x00000182
result_12: 0xfffffd61
result_13: 0xfffffe53
result_14: 0xfffffd78
result_15: 0x000001f5
result_16: 0x00000136
result_17: 0x0000001a
result_18: 0x00000230
result_19: 0xfffffeaf
result_20: 0x000001d1
result_21: 0xffffffb6
result_22: 0xfffffed5
result_23: 0xffffff9f
result_24: 0xfffffbc9
result_25: 0x000000f0
result_26: 0xffffff28
result_27: 0xfffffead
result_28: 0xffffffe0
result_29: 0x0000003e
result_30: 0xfffffc66
result_31: 0x00000010
-----------------------------------------

=== Unit 8 Result 5 (Time: 2175000) ===
result_0: 0x00000336
result_1: 0xfffffeed
result_2: 0xfffffeeb
result_3: 0xfffffea3
result_4: 0xfffffdef
result_5: 0x000002e2
result_6: 0xffffffba
result_7: 0x0000010c
result_8: 0x0000000f
result_9: 0x00000130
result_10: 0x0000024f
result_11: 0x00000157
result_12: 0x00000244
result_13: 0xfffffeb5
result_14: 0x0000035f
result_15: 0xfffffc78
result_16: 0x000000d1
result_17: 0xfffffff8
result_18: 0x000001eb
result_19: 0x00000261
result_20: 0xfffffeab
result_21: 0x00000141
result_22: 0xfffffe93
result_23: 0xfffffda0
result_24: 0x000002bf
result_25: 0xffffffd6
result_26: 0xfffffe3f
result_27: 0x0000024e
result_28: 0xfffffcf2
result_29: 0x00000070
result_30: 0x00000059
result_31: 0xfffffec3
-----------------------------------------

=== Unit 9 Result 5 (Time: 2175000) ===
result_0: 0x00000176
result_1: 0x000004cc
result_2: 0x0000002f
result_3: 0xffffffd7
result_4: 0xfffffe00
result_5: 0x000004c8
result_6: 0x000000bf
result_7: 0x00000418
result_8: 0xfffffeac
result_9: 0xfffffdb1
result_10: 0x000005f3
result_11: 0xfffffbd4
result_12: 0x00000155
result_13: 0x00000371
result_14: 0x0000016a
result_15: 0x000001ef
result_16: 0xfffffe92
result_17: 0x00000316
result_18: 0xfffffe53
result_19: 0xfffffa31
result_20: 0xfffffbac
result_21: 0x000002e3
result_22: 0xfffffd75
result_23: 0xfffffd69
result_24: 0x0000015a
result_25: 0x0000038e
result_26: 0x00000298
result_27: 0xfffffc0c
result_28: 0x000004ba
result_29: 0xffffff90
result_30: 0xfffffbb7
result_31: 0xfffffca7
-----------------------------------------

=== Unit 10 Result 5 (Time: 2175000) ===
result_0: 0xfffffd5f
result_1: 0xfffffd77
result_2: 0xfffffe5f
result_3: 0x000002cc
result_4: 0x000000c7
result_5: 0xfffffea5
result_6: 0x00000250
result_7: 0x00000197
result_8: 0x000001fd
result_9: 0x0000010c
result_10: 0xffffff7f
result_11: 0x000003bd
result_12: 0x00000097
result_13: 0xfffffcd6
result_14: 0xfffff9f5
result_15: 0xfffffc89
result_16: 0xffffff49
result_17: 0xffffff1b
result_18: 0xfffffbe4
result_19: 0x000001f8
result_20: 0x00000378
result_21: 0xfffffd7f
result_22: 0x00000293
result_23: 0xfffffefa
result_24: 0xfffffca5
result_25: 0xfffffe8d
result_26: 0xfffffa32
result_27: 0xfffffdfd
result_28: 0x000001c4
result_29: 0xfffffeec
result_30: 0xfffffe39
result_31: 0xfffffeb1
-----------------------------------------

=== Unit 11 Result 5 (Time: 2175000) ===
result_0: 0xfffffece
result_1: 0x00000270
result_2: 0x00000492
result_3: 0xfffffe38
result_4: 0xfffffe04
result_5: 0xfffffe9c
result_6: 0xfffffd27
result_7: 0xfffffc2a
result_8: 0xffffff35
result_9: 0x00000253
result_10: 0x00000107
result_11: 0x00000339
result_12: 0x0000023a
result_13: 0x00000044
result_14: 0x00000053
result_15: 0x00000192
result_16: 0xffffff2a
result_17: 0x0000052f
result_18: 0xfffffdb2
result_19: 0x000000b9
result_20: 0x000001a3
result_21: 0xfffffecf
result_22: 0x000002b9
result_23: 0xfffffc90
result_24: 0x00000250
result_25: 0xffffffb3
result_26: 0x00000220
result_27: 0xffffff07
result_28: 0x00000689
result_29: 0xfffffa6b
result_30: 0x0000055b
result_31: 0xffffff11
-----------------------------------------

=== Unit 12 Result 5 (Time: 2175000) ===
result_0: 0xfffffd71
result_1: 0x0000016b
result_2: 0x0000015c
result_3: 0xffffffe0
result_4: 0xfffffd4b
result_5: 0x000000e4
result_6: 0x0000022a
result_7: 0xfffffdc1
result_8: 0xffffff3b
result_9: 0x00000245
result_10: 0x000000ef
result_11: 0x000003cf
result_12: 0xfffffbc2
result_13: 0xfffffe06
result_14: 0xffffff9d
result_15: 0xffffff4f
result_16: 0x000001c2
result_17: 0xfffffdb4
result_18: 0xfffffe81
result_19: 0x000001f3
result_20: 0x00000174
result_21: 0x00000006
result_22: 0x00000034
result_23: 0x00000166
result_24: 0xfffffdf9
result_25: 0xffffff19
result_26: 0xfffffe68
result_27: 0x0000036f
result_28: 0x000000c2
result_29: 0xfffffe7e
result_30: 0x0000012a
result_31: 0x0000018c
-----------------------------------------

=== Unit 13 Result 5 (Time: 2175000) ===
result_0: 0x00000316
result_1: 0x000000b8
result_2: 0x00000155
result_3: 0x00000101
result_4: 0xffffff06
result_5: 0x0000040e
result_6: 0xffffff18
result_7: 0xffffffd4
result_8: 0xfffffe82
result_9: 0xffffff13
result_10: 0x00000121
result_11: 0x00000086
result_12: 0xfffffe01
result_13: 0x000002ad
result_14: 0x0000026b
result_15: 0x00000132
result_16: 0x00000047
result_17: 0xfffffce9
result_18: 0x0000027b
result_19: 0xfffffd7f
result_20: 0xfffffe9f
result_21: 0x000002b3
result_22: 0x00000040
result_23: 0x00000203
result_24: 0x00000247
result_25: 0xffffffd2
result_26: 0x000002db
result_27: 0xfffffe52
result_28: 0xffffffbc
result_29: 0x000000f1
result_30: 0xffffff43
result_31: 0xfffffd14
-----------------------------------------

=== Unit 14 Result 5 (Time: 2175000) ===
result_0: 0xfffffb65
result_1: 0x00000286
result_2: 0xfffffc92
result_3: 0x0000019a
result_4: 0x00000639
result_5: 0x00000295
result_6: 0xfffffc54
result_7: 0x0000020b
result_8: 0xfffffdc9
result_9: 0x00000019
result_10: 0x00000177
result_11: 0x0000018c
result_12: 0x00000491
result_13: 0xffffff6f
result_14: 0x00000373
result_15: 0x00000218
result_16: 0xffffff73
result_17: 0x000002d9
result_18: 0x000001d9
result_19: 0xfffffea0
result_20: 0xfffffe88
result_21: 0x00000036
result_22: 0xffffff72
result_23: 0xfffffddf
result_24: 0xfffffe72
result_25: 0xfffffd75
result_26: 0x00000181
result_27: 0x00000252
result_28: 0x00000180
result_29: 0xffffffec
result_30: 0x000000fc
result_31: 0xffffff3b
-----------------------------------------

=== Unit 15 Result 5 (Time: 2175000) ===
result_0: 0x0000015a
result_1: 0x000004d3
result_2: 0xfffffdb5
result_3: 0xfffffe0b
result_4: 0xfffffa75
result_5: 0xfffffef0
result_6: 0x00000064
result_7: 0x00000118
result_8: 0xfffffea9
result_9: 0x000001d1
result_10: 0x00000323
result_11: 0xfffffc01
result_12: 0xffffff32
result_13: 0x0000033b
result_14: 0xfffffedf
result_15: 0x000001cd
result_16: 0xffffff5e
result_17: 0xffffffe7
result_18: 0xfffffbdc
result_19: 0xfffffe68
result_20: 0x00000015
result_21: 0x0000003f
result_22: 0xfffffb74
result_23: 0x00000321
result_24: 0xfffffe39
result_25: 0x0000010b
result_26: 0xfffffde2
result_27: 0xfffffa0a
result_28: 0x00000181
result_29: 0x0000008a
result_30: 0xfffffc69
result_31: 0x0000018f
-----------------------------------------

=== Unit 0 Result 6 (Time: 2235000) ===
result_0: 0xffffffc8
result_1: 0x00000206
result_2: 0xfffffc78
result_3: 0xfffffcab
result_4: 0xfffffdef
result_5: 0x000000c1
result_6: 0x00000310
result_7: 0xffffff11
result_8: 0xffffff51
result_9: 0x000000e2
result_10: 0xfffffc99
result_11: 0x00000341
result_12: 0x0000032a
result_13: 0x0000014a
result_14: 0x00000017
result_15: 0x00000109
result_16: 0xfffffe93
result_17: 0x0000009a
result_18: 0x000000b8
result_19: 0x000000e6
result_20: 0x00000370
result_21: 0x0000023e
result_22: 0x00000143
result_23: 0xffffffc7
result_24: 0xfffffe78
result_25: 0xfffffcb5
result_26: 0xfffffe90
result_27: 0x00000137
result_28: 0xfffffb81
result_29: 0x000001fb
result_30: 0x000002a7
result_31: 0xfffffd39
-----------------------------------------

=== Unit 1 Result 6 (Time: 2235000) ===
result_0: 0x00000067
result_1: 0x00000227
result_2: 0xffffff39
result_3: 0xffffff53
result_4: 0x0000005d
result_5: 0x0000019f
result_6: 0x000002a0
result_7: 0xfffffd90
result_8: 0xfffffdcd
result_9: 0x000004c6
result_10: 0xfffffe45
result_11: 0xffffffa2
result_12: 0xffffff54
result_13: 0xffffff70
result_14: 0xffffff4a
result_15: 0x0000002a
result_16: 0x00000135
result_17: 0xfffffe8e
result_18: 0x00000003
result_19: 0xfffffd84
result_20: 0x000001cf
result_21: 0xffffff94
result_22: 0xfffffff7
result_23: 0x000000bd
result_24: 0x00000313
result_25: 0x0000004e
result_26: 0xfffffc86
result_27: 0x000002f9
result_28: 0xfffffe33
result_29: 0x00000282
result_30: 0xfffffe8b
result_31: 0xfffffda0
-----------------------------------------

=== Unit 2 Result 6 (Time: 2235000) ===
result_0: 0xffffff03
result_1: 0x0000017a
result_2: 0x00000311
result_3: 0xfffffe42
result_4: 0xffffff2c
result_5: 0x000000d6
result_6: 0x0000030a
result_7: 0x00000035
result_8: 0x000001f5
result_9: 0xfffffce7
result_10: 0x00000241
result_11: 0x00000237
result_12: 0xffffff3a
result_13: 0x00000082
result_14: 0x0000042d
result_15: 0x00000200
result_16: 0x0000007a
result_17: 0xfffffba6
result_18: 0x00000177
result_19: 0x00000089
result_20: 0x00000204
result_21: 0x000001b6
result_22: 0x000002e3
result_23: 0xfffffe9b
result_24: 0xffffff99
result_25: 0x000000bf
result_26: 0x00000242
result_27: 0x000002c0
result_28: 0x000003c3
result_29: 0x00000306
result_30: 0x0000021e
result_31: 0xfffffc71
-----------------------------------------

=== Unit 3 Result 6 (Time: 2235000) ===
result_0: 0x000002ad
result_1: 0x0000001e
result_2: 0xfffffdd0
result_3: 0xffffffe2
result_4: 0x0000006a
result_5: 0xffffff51
result_6: 0x00000318
result_7: 0xfffffddd
result_8: 0xfffffe0d
result_9: 0x000003dc
result_10: 0x000000a7
result_11: 0x00000214
result_12: 0x00000204
result_13: 0xfffffcba
result_14: 0xfffffd52
result_15: 0x0000014d
result_16: 0xfffffc74
result_17: 0xfffffefe
result_18: 0x0000027c
result_19: 0xfffffffc
result_20: 0x000000cf
result_21: 0xffffffca
result_22: 0xffffff39
result_23: 0x000003a2
result_24: 0x0000021d
result_25: 0x000000dd
result_26: 0x00000036
result_27: 0xfffffdbc
result_28: 0xfffffdd8
result_29: 0xfffffff0
result_30: 0xfffffe9f
result_31: 0x00000012
-----------------------------------------

=== Unit 4 Result 6 (Time: 2235000) ===
result_0: 0x00000459
result_1: 0xfffffd1b
result_2: 0x000000c3
result_3: 0x0000040d
result_4: 0xffffff17
result_5: 0xfffffbcf
result_6: 0xfffffe93
result_7: 0x00000116
result_8: 0xfffffee4
result_9: 0xfffffd20
result_10: 0x00000331
result_11: 0x0000004f
result_12: 0xfffffd0b
result_13: 0x000001f4
result_14: 0x000000c3
result_15: 0xffffff02
result_16: 0xfffffebe
result_17: 0x000002f8
result_18: 0x000001b4
result_19: 0x00000081
result_20: 0x0000011a
result_21: 0x00000376
result_22: 0xffffff79
result_23: 0xfffffeef
result_24: 0x00000128
result_25: 0x0000011b
result_26: 0x00000061
result_27: 0xffffff08
result_28: 0xfffffe37
result_29: 0xfffffd77
result_30: 0xfffffd2b
result_31: 0x0000006e
-----------------------------------------

=== Unit 5 Result 6 (Time: 2235000) ===
result_0: 0xfffffd95
result_1: 0xfffffd45
result_2: 0xfffffe7d
result_3: 0xffffff1e
result_4: 0xfffff8cd
result_5: 0x00000144
result_6: 0x000001a9
result_7: 0x00000144
result_8: 0x00000178
result_9: 0xfffffe3b
result_10: 0xfffffc93
result_11: 0xfffffe24
result_12: 0xfffffdd0
result_13: 0x00000085
result_14: 0xfffffd1f
result_15: 0x00000032
result_16: 0xffffff74
result_17: 0xfffffd54
result_18: 0xfffffcc1
result_19: 0x00000468
result_20: 0xffffffbe
result_21: 0x00000155
result_22: 0xfffffd5b
result_23: 0x000002e0
result_24: 0x000001cc
result_25: 0xfffffe01
result_26: 0x000001cb
result_27: 0x00000317
result_28: 0x000000d1
result_29: 0xffffffd1
result_30: 0xffffff70
result_31: 0x0000011e
-----------------------------------------

=== Unit 6 Result 6 (Time: 2235000) ===
result_0: 0x000001b9
result_1: 0xfffffb60
result_2: 0x0000037d
result_3: 0xfffffbf2
result_4: 0x000001cd
result_5: 0xffffffa7
result_6: 0xffffffc6
result_7: 0xffffff07
result_8: 0x00000017
result_9: 0x00000112
result_10: 0x00000183
result_11: 0x00000229
result_12: 0x00000200
result_13: 0x000001fd
result_14: 0xffffff36
result_15: 0x00000152
result_16: 0x0000015a
result_17: 0xffffff53
result_18: 0x000000f3
result_19: 0x0000013b
result_20: 0xffffff22
result_21: 0xffffff34
result_22: 0x0000004b
result_23: 0x00000097
result_24: 0xffffff04
result_25: 0xfffffed8
result_26: 0xfffffe5b
result_27: 0xfffffffd
result_28: 0xffffff51
result_29: 0x00000027
result_30: 0xfffffadb
result_31: 0x00000039
-----------------------------------------

=== Unit 7 Result 6 (Time: 2235000) ===
result_0: 0xfffffe88
result_1: 0xfffffd63
result_2: 0x0000023f
result_3: 0x0000011d
result_4: 0xfffffd12
result_5: 0xfffffed7
result_6: 0x000000d1
result_7: 0xffffffc4
result_8: 0xffffff16
result_9: 0xfffffed6
result_10: 0x00000150
result_11: 0x00000249
result_12: 0xfffffdca
result_13: 0xffffff6f
result_14: 0x0000010a
result_15: 0x000000e0
result_16: 0x00000064
result_17: 0xfffffdb4
result_18: 0xfffffe25
result_19: 0x000003b4
result_20: 0xfffffec2
result_21: 0x00000497
result_22: 0x000002d9
result_23: 0x000001c9
result_24: 0xfffffebc
result_25: 0xffffff1a
result_26: 0xfffffdd9
result_27: 0xffffffb4
result_28: 0xfffffeff
result_29: 0x0000003a
result_30: 0xfffffc36
result_31: 0x00000043
-----------------------------------------

=== Unit 8 Result 6 (Time: 2235000) ===
result_0: 0xfffffd53
result_1: 0x000000ee
result_2: 0xfffffff1
result_3: 0xfffffd56
result_4: 0x0000013a
result_5: 0xfffffed5
result_6: 0xfffffd47
result_7: 0x0000004d
result_8: 0xffffff78
result_9: 0xfffffa2f
result_10: 0x000001ed
result_11: 0xfffffd01
result_12: 0xfffffc3a
result_13: 0x000002c8
result_14: 0xfffffbe0
result_15: 0xfffffdd8
result_16: 0xffffff6d
result_17: 0x000003fb
result_18: 0xffffff4d
result_19: 0x00000300
result_20: 0xfffffc77
result_21: 0x0000003b
result_22: 0xfffffb12
result_23: 0x00000199
result_24: 0xfffffe1c
result_25: 0x00000201
result_26: 0x00000030
result_27: 0xfffffd5d
result_28: 0x000002b7
result_29: 0xfffffd3f
result_30: 0x000001a2
result_31: 0xfffffec9
-----------------------------------------

=== Unit 9 Result 6 (Time: 2235000) ===
result_0: 0xfffffeb3
result_1: 0xffffff13
result_2: 0x000001b1
result_3: 0x00000182
result_4: 0x000001b8
result_5: 0xfffffe8f
result_6: 0xfffffcdc
result_7: 0xfffffcea
result_8: 0xfffffd15
result_9: 0xffffff3d
result_10: 0xffffff73
result_11: 0x0000020a
result_12: 0x00000006
result_13: 0x00000069
result_14: 0xfffffcfa
result_15: 0x00000177
result_16: 0x00000773
result_17: 0x00000364
result_18: 0x000005c2
result_19: 0x0000020d
result_20: 0xffffffdb
result_21: 0xfffffda4
result_22: 0xfffffc40
result_23: 0xffffffeb
result_24: 0x000001b8
result_25: 0xfffffe2d
result_26: 0xfffffecd
result_27: 0x000000a0
result_28: 0x000004bd
result_29: 0x000002dd
result_30: 0xfffffc1e
result_31: 0xfffffb39
-----------------------------------------

=== Unit 10 Result 6 (Time: 2235000) ===
result_0: 0x000003c5
result_1: 0x0000001e
result_2: 0x0000010c
result_3: 0x000001e1
result_4: 0xfffffeb7
result_5: 0x0000016d
result_6: 0x00000092
result_7: 0xfffffd6e
result_8: 0xffffffa9
result_9: 0xffffff44
result_10: 0x000001f7
result_11: 0x000000db
result_12: 0x00000494
result_13: 0xffffff0a
result_14: 0x000000f2
result_15: 0x00000459
result_16: 0xffffffdc
result_17: 0x000001bb
result_18: 0xffffff05
result_19: 0x00000457
result_20: 0x000001a0
result_21: 0x00000105
result_22: 0xffffff83
result_23: 0x0000007d
result_24: 0x000001e9
result_25: 0x000003b4
result_26: 0x000002b2
result_27: 0xfffffce4
result_28: 0xfffffd55
result_29: 0x0000018f
result_30: 0x0000024f
result_31: 0xfffffe78
-----------------------------------------

=== Unit 11 Result 6 (Time: 2235000) ===
result_0: 0x00000150
result_1: 0xfffffae1
result_2: 0x00000259
result_3: 0x0000033c
result_4: 0xfffffe41
result_5: 0xffffff97
result_6: 0xfffffe48
result_7: 0x00000104
result_8: 0xffffff32
result_9: 0x000002b6
result_10: 0x000005cd
result_11: 0x0000007b
result_12: 0x0000052e
result_13: 0x00000036
result_14: 0xfffffdc7
result_15: 0x00000494
result_16: 0x00000561
result_17: 0xfffffc30
result_18: 0x0000006f
result_19: 0x00000149
result_20: 0xfffffe5b
result_21: 0xfffffea1
result_22: 0x0000014a
result_23: 0xfffffee5
result_24: 0x00000592
result_25: 0x000004f8
result_26: 0x00000213
result_27: 0xffffffa0
result_28: 0x0000021a
result_29: 0xfffffe56
result_30: 0xfffffa52
result_31: 0x00000428
-----------------------------------------

=== Unit 12 Result 6 (Time: 2235000) ===
result_0: 0x0000013b
result_1: 0x00000058
result_2: 0x000001f9
result_3: 0xffffff44
result_4: 0xfffffdf0
result_5: 0xfffffbac
result_6: 0xfffffeb6
result_7: 0x00000044
result_8: 0xfffffe40
result_9: 0xfffffedf
result_10: 0x00000081
result_11: 0xfffffefd
result_12: 0xffffff8b
result_13: 0x0000023d
result_14: 0x0000024b
result_15: 0xfffffea8
result_16: 0xfffffcc6
result_17: 0xffffff21
result_18: 0xfffffc9c
result_19: 0x00000006
result_20: 0xfffffcdb
result_21: 0x00000432
result_22: 0x00000201
result_23: 0xffffffa6
result_24: 0x00000076
result_25: 0x000002c2
result_26: 0x00000035
result_27: 0xffffffae
result_28: 0xfffffe60
result_29: 0x0000004d
result_30: 0x000003d2
result_31: 0xfffffee9
-----------------------------------------

=== Unit 13 Result 6 (Time: 2235000) ===
result_0: 0xfffffea1
result_1: 0x000001d7
result_2: 0x00000356
result_3: 0xfffffe7d
result_4: 0x000001b2
result_5: 0xfffffd4f
result_6: 0xfffffbda
result_7: 0xfffffed8
result_8: 0xfffffe43
result_9: 0x000001f5
result_10: 0x00000047
result_11: 0x000002c0
result_12: 0x000000c3
result_13: 0x00000010
result_14: 0x00000125
result_15: 0xfffffc21
result_16: 0x0000045c
result_17: 0x00000006
result_18: 0x0000033a
result_19: 0x000003d6
result_20: 0x00000014
result_21: 0xffffff37
result_22: 0xfffffc5b
result_23: 0xfffffd63
result_24: 0x00000100
result_25: 0xffffffd6
result_26: 0x00000019
result_27: 0xfffffdcf
result_28: 0xfffffda0
result_29: 0x000000e5
result_30: 0xffffff32
result_31: 0xfffffcf5
-----------------------------------------

=== Unit 14 Result 6 (Time: 2235000) ===
result_0: 0x00000068
result_1: 0xfffffd04
result_2: 0xffffffbf
result_3: 0xffffff39
result_4: 0x00000588
result_5: 0xfffff97a
result_6: 0x000000d1
result_7: 0x00000405
result_8: 0x000001ad
result_9: 0x00000039
result_10: 0x0000013f
result_11: 0x000002ac
result_12: 0xfffffe95
result_13: 0xffffff11
result_14: 0xfffffcbc
result_15: 0xffffffa3
result_16: 0x000001ce
result_17: 0xfffffe1b
result_18: 0x00000317
result_19: 0x00000036
result_20: 0x00000229
result_21: 0x000001f9
result_22: 0xfffffd8b
result_23: 0x0000032d
result_24: 0x00000113
result_25: 0xffffffb7
result_26: 0xfffff96c
result_27: 0x00000476
result_28: 0x000001a4
result_29: 0xfffffff8
result_30: 0x000000b0
result_31: 0x00000556
-----------------------------------------

=== Unit 15 Result 6 (Time: 2235000) ===
result_0: 0x00000024
result_1: 0xffffffa5
result_2: 0xffffff67
result_3: 0xffffffa7
result_4: 0xffffffdd
result_5: 0x0000034d
result_6: 0x00000230
result_7: 0xffffff51
result_8: 0xffffff5b
result_9: 0x0000021b
result_10: 0xfffffe87
result_11: 0x00000082
result_12: 0x00000040
result_13: 0x00000112
result_14: 0xfffffc55
result_15: 0x00000249
result_16: 0xfffffe77
result_17: 0xffffffad
result_18: 0xffffff47
result_19: 0xfffffedf
result_20: 0x000000f5
result_21: 0x00000088
result_22: 0xffffffbf
result_23: 0xfffffed8
result_24: 0x00000317
result_25: 0xfffffe3f
result_26: 0x000001e7
result_27: 0x0000035e
result_28: 0x0000002e
result_29: 0x00000089
result_30: 0x00000193
result_31: 0xfffffda8
-----------------------------------------

=== Unit 0 Result 7 (Time: 2295000) ===
result_0: 0x000002fb
result_1: 0x0000033e
result_2: 0x0000016f
result_3: 0x00000349
result_4: 0x000001d7
result_5: 0xfffffd00
result_6: 0xffffffa4
result_7: 0x000004b6
result_8: 0xfffffd22
result_9: 0xfffffe4c
result_10: 0x00000151
result_11: 0x000004a3
result_12: 0x00000038
result_13: 0xffffff1c
result_14: 0x0000010a
result_15: 0xfffffdbb
result_16: 0xffffffef
result_17: 0x00000351
result_18: 0x00000253
result_19: 0x000000c8
result_20: 0x0000011b
result_21: 0xfffffd20
result_22: 0x000001c3
result_23: 0xfffffe5c
result_24: 0x0000012b
result_25: 0x0000021d
result_26: 0x000001b8
result_27: 0xffffff64
result_28: 0xffffff49
result_29: 0xffffffe7
result_30: 0x00000089
result_31: 0x00000149
-----------------------------------------

=== Unit 1 Result 7 (Time: 2295000) ===
result_0: 0xffffffdd
result_1: 0xfffffe27
result_2: 0xfffffb10
result_3: 0x00000217
result_4: 0xfffffe4d
result_5: 0xfffffd5f
result_6: 0x000002a9
result_7: 0x000001bf
result_8: 0xfffffef6
result_9: 0x0000017a
result_10: 0x00000312
result_11: 0xfffffe1a
result_12: 0xfffffb57
result_13: 0x0000007c
result_14: 0x00000002
result_15: 0x000000f5
result_16: 0xfffffe9c
result_17: 0x000000ba
result_18: 0x0000050e
result_19: 0x0000057c
result_20: 0xffffffbf
result_21: 0x00000151
result_22: 0x00000027
result_23: 0xfffffd15
result_24: 0x000000a6
result_25: 0x000001ca
result_26: 0x00000362
result_27: 0xffffffcd
result_28: 0xfffffea8
result_29: 0x00000244
result_30: 0xfffffee9
result_31: 0x00000141
-----------------------------------------

=== Unit 2 Result 7 (Time: 2295000) ===
result_0: 0xfffffbba
result_1: 0xfffffd67
result_2: 0x00000038
result_3: 0x000000af
result_4: 0x000001d2
result_5: 0xfffffedc
result_6: 0xfffffe17
result_7: 0x00000320
result_8: 0x0000026b
result_9: 0xfffffe08
result_10: 0x0000044e
result_11: 0x00000127
result_12: 0x00000137
result_13: 0xffffff00
result_14: 0xfffffc2f
result_15: 0xfffffcae
result_16: 0xfffffd3b
result_17: 0x0000037e
result_18: 0xffffff11
result_19: 0xfffffc2f
result_20: 0xfffffdbc
result_21: 0x0000018f
result_22: 0xffffffad
result_23: 0xfffffdb1
result_24: 0x00000191
result_25: 0x000001cd
result_26: 0xfffffec6
result_27: 0x000001e5
result_28: 0x000002c7
result_29: 0x0000048a
result_30: 0x0000005d
result_31: 0xfffffce4
-----------------------------------------

=== Unit 3 Result 7 (Time: 2295000) ===
result_0: 0x0000006f
result_1: 0x0000045c
result_2: 0xfffffec0
result_3: 0x0000019d
result_4: 0xfffffb79
result_5: 0x000000ee
result_6: 0x00000207
result_7: 0xffffffe1
result_8: 0xffffffd9
result_9: 0x00000291
result_10: 0x00000098
result_11: 0x000000a1
result_12: 0x000002d6
result_13: 0x00000090
result_14: 0x000000e2
result_15: 0x00000100
result_16: 0xfffffe1d
result_17: 0x0000000b
result_18: 0x000001ac
result_19: 0xfffffd4d
result_20: 0x00000100
result_21: 0xfffffdbb
result_22: 0x00000347
result_23: 0xffffffbf
result_24: 0x00000018
result_25: 0xfffffe61
result_26: 0xfffffdff
result_27: 0xffffff7f
result_28: 0xffffffb6
result_29: 0x0000046c
result_30: 0xfffffd70
result_31: 0x00000103
-----------------------------------------

=== Unit 4 Result 7 (Time: 2295000) ===
result_0: 0x000002a0
result_1: 0xffffffc4
result_2: 0x00000064
result_3: 0xffffff31
result_4: 0xffffff0f
result_5: 0x00000019
result_6: 0x00000383
result_7: 0xffffff20
result_8: 0xfffffe7e
result_9: 0x00000186
result_10: 0xfffffce5
result_11: 0xfffffbb9
result_12: 0xfffffbf7
result_13: 0x00000002
result_14: 0xfffffe7b
result_15: 0x00000362
result_16: 0xffffff0e
result_17: 0xffffffa8
result_18: 0x000000aa
result_19: 0xfffffff8
result_20: 0xfffffcbf
result_21: 0x000005dd
result_22: 0xfffffea0
result_23: 0x000002f5
result_24: 0xfffffc68
result_25: 0xfffffeb4
result_26: 0xffffff95
result_27: 0xfffffd91
result_28: 0xfffffd3f
result_29: 0xfffffdb9
result_30: 0x000000c9
result_31: 0x000000a2
-----------------------------------------

=== Unit 5 Result 7 (Time: 2295000) ===
result_0: 0x000002a6
result_1: 0x000001bb
result_2: 0x00000030
result_3: 0xffffffbf
result_4: 0xfffffd7a
result_5: 0x0000007a
result_6: 0xfffffe4b
result_7: 0xffffff5c
result_8: 0xffffff63
result_9: 0xfffffb0f
result_10: 0xffffffd5
result_11: 0xffffff16
result_12: 0xfffffb3d
result_13: 0x0000035d
result_14: 0x00000092
result_15: 0x00000214
result_16: 0xfffffea7
result_17: 0xffffff40
result_18: 0xfffffe88
result_19: 0x00000286
result_20: 0x000000ea
result_21: 0xffffff27
result_22: 0xffffffd1
result_23: 0xffffff93
result_24: 0xffffffa6
result_25: 0x0000004e
result_26: 0x000001fd
result_27: 0x000004b3
result_28: 0xfffffd67
result_29: 0xffffffa7
result_30: 0x000000c2
result_31: 0xffffff97
-----------------------------------------

=== Unit 6 Result 7 (Time: 2295000) ===
result_0: 0xfffffe4d
result_1: 0xffffffd8
result_2: 0xfffffb5a
result_3: 0x00000150
result_4: 0xfffffeb1
result_5: 0x0000005a
result_6: 0x00000097
result_7: 0x0000031e
result_8: 0x00000051
result_9: 0x000000f2
result_10: 0xffffff7d
result_11: 0xfffffe0e
result_12: 0x0000035b
result_13: 0x0000015d
result_14: 0xffffff03
result_15: 0xfffffdb6
result_16: 0x0000012d
result_17: 0x00000382
result_18: 0x00000317
result_19: 0x000000e0
result_20: 0xfffffcad
result_21: 0xffffff67
result_22: 0xffffff4f
result_23: 0x00000340
result_24: 0x000001d8
result_25: 0x0000023e
result_26: 0xfffffdbc
result_27: 0xffffff57
result_28: 0x000001f5
result_29: 0x000001c9
result_30: 0x000001ab
result_31: 0x00000388
-----------------------------------------

=== Unit 7 Result 7 (Time: 2295000) ===
result_0: 0xfffffccc
result_1: 0x000000fb
result_2: 0x00000062
result_3: 0x000003c6
result_4: 0xfffffe11
result_5: 0xfffffd1e
result_6: 0xfffffdf4
result_7: 0x000001aa
result_8: 0x00000518
result_9: 0xfffffee1
result_10: 0xffffff86
result_11: 0x000001c1
result_12: 0x0000014c
result_13: 0x000000c7
result_14: 0xfffffe73
result_15: 0xfffffd03
result_16: 0x000002d8
result_17: 0xfffffda8
result_18: 0xffffffc6
result_19: 0xfffffeea
result_20: 0xfffffe3c
result_21: 0x00000142
result_22: 0xffffff80
result_23: 0xffffff4d
result_24: 0x000001c2
result_25: 0x0000015f
result_26: 0x0000009a
result_27: 0x00000018
result_28: 0x00000040
result_29: 0x00000032
result_30: 0x0000004b
result_31: 0xffffff64
-----------------------------------------

=== Unit 8 Result 7 (Time: 2295000) ===
result_0: 0x000002eb
result_1: 0xffffff40
result_2: 0x0000018d
result_3: 0xfffffea8
result_4: 0xfffffe26
result_5: 0x0000021b
result_6: 0x000002b1
result_7: 0xfffffd45
result_8: 0x0000004e
result_9: 0xfffffedc
result_10: 0xfffffe67
result_11: 0x00000197
result_12: 0x0000039e
result_13: 0x0000028a
result_14: 0xfffffe33
result_15: 0xffffff29
result_16: 0xfffffbfc
result_17: 0x00000073
result_18: 0x00000093
result_19: 0x000000b4
result_20: 0x000004ad
result_21: 0x00000268
result_22: 0xfffffdaf
result_23: 0x00000173
result_24: 0x00000013
result_25: 0x0000004b
result_26: 0xffffffbd
result_27: 0x0000007d
result_28: 0x000000fb
result_29: 0xfffffd7f
result_30: 0xffffff62
result_31: 0xfffffe21
-----------------------------------------

=== Unit 9 Result 7 (Time: 2295000) ===
result_0: 0xffffff8a
result_1: 0xfffffdb1
result_2: 0xffffff10
result_3: 0xffffffca
result_4: 0x00000344
result_5: 0xfffffd10
result_6: 0x00000182
result_7: 0x00000469
result_8: 0x00000034
result_9: 0x000000de
result_10: 0xfffffd12
result_11: 0x000000c5
result_12: 0x0000031c
result_13: 0xfffffe4f
result_14: 0xfffffdfa
result_15: 0x000002a8
result_16: 0xfffffdec
result_17: 0xfffffd62
result_18: 0x000002e4
result_19: 0x000001cb
result_20: 0xfffffdd5
result_21: 0xfffffece
result_22: 0x000001ef
result_23: 0xfffffba4
result_24: 0xffffffe1
result_25: 0xfffffddd
result_26: 0x000000a2
result_27: 0xfffffef7
result_28: 0xffffff45
result_29: 0xfffffdd4
result_30: 0xffffff4d
result_31: 0xfffffb4e
-----------------------------------------

=== Unit 10 Result 7 (Time: 2295000) ===
result_0: 0xffffffec
result_1: 0x000000ed
result_2: 0xffffffe1
result_3: 0xfffffee7
result_4: 0xfffffde7
result_5: 0x00000141
result_6: 0x00000129
result_7: 0xfffffe72
result_8: 0xffffffe5
result_9: 0xfffffe7b
result_10: 0x0000009d
result_11: 0x0000028f
result_12: 0xfffffe77
result_13: 0xfffffe56
result_14: 0xfffffff0
result_15: 0x000001ef
result_16: 0x0000012d
result_17: 0xfffffd80
result_18: 0xffffffa3
result_19: 0xfffffe7c
result_20: 0xfffffcfa
result_21: 0x0000017b
result_22: 0xfffffcf5
result_23: 0x00000325
result_24: 0x000002f2
result_25: 0x0000046b
result_26: 0xfffffcfe
result_27: 0xfffffe7a
result_28: 0xfffffee4
result_29: 0x00000211
result_30: 0x000002b4
result_31: 0x000001c3
-----------------------------------------

=== Unit 11 Result 7 (Time: 2295000) ===
result_0: 0xffffff5c
result_1: 0xffffff14
result_2: 0x000000f3
result_3: 0xffffff35
result_4: 0xfffffa2f
result_5: 0xffffff76
result_6: 0x00000142
result_7: 0xfffffb4a
result_8: 0xfffffb6f
result_9: 0x00000303
result_10: 0xfffffe20
result_11: 0xfffffee2
result_12: 0x00000087
result_13: 0x0000023c
result_14: 0x00000256
result_15: 0xffffff64
result_16: 0x00000626
result_17: 0xfffffe96
result_18: 0xffffffc2
result_19: 0x0000026e
result_20: 0xfffffd4b
result_21: 0x000001a1
result_22: 0x000002a9
result_23: 0xfffffd8f
result_24: 0xfffffca4
result_25: 0x00000049
result_26: 0xffffff10
result_27: 0xfffffd80
result_28: 0xfffffc2d
result_29: 0x00000051
result_30: 0x000001bd
result_31: 0x00000004
-----------------------------------------

=== Unit 12 Result 7 (Time: 2295000) ===
result_0: 0x0000013e
result_1: 0x000001bc
result_2: 0x000000d0
result_3: 0x000000fc
result_4: 0xfffffc64
result_5: 0xffffff4f
result_6: 0xffffff8e
result_7: 0xfffffd76
result_8: 0x00000010
result_9: 0x0000010c
result_10: 0x000000d3
result_11: 0xffffff78
result_12: 0xfffffd03
result_13: 0x00000379
result_14: 0xffffff7f
result_15: 0xffffff42
result_16: 0xffffff85
result_17: 0xfffffe0c
result_18: 0xfffffe9b
result_19: 0xfffffd83
result_20: 0x000003e2
result_21: 0xffffff41
result_22: 0x000000e3
result_23: 0x0000017a
result_24: 0x000000bb
result_25: 0x000000fc
result_26: 0xfffffc46
result_27: 0x000000d7
result_28: 0xfffffded
result_29: 0x00000324
result_30: 0xfffffceb
result_31: 0xffffff47
-----------------------------------------

=== Unit 13 Result 7 (Time: 2295000) ===
result_0: 0x000000a3
result_1: 0xffffff1f
result_2: 0x00000092
result_3: 0x0000002e
result_4: 0x00000052
result_5: 0x00000296
result_6: 0x00000250
result_7: 0x00000084
result_8: 0x00000040
result_9: 0x00000316
result_10: 0x00000241
result_11: 0xfffffec4
result_12: 0x00000048
result_13: 0x00000216
result_14: 0x000000b8
result_15: 0xfffffcd0
result_16: 0x00000143
result_17: 0xfffffd8d
result_18: 0x000001b0
result_19: 0x00000378
result_20: 0xffffffa3
result_21: 0xffffffd6
result_22: 0x0000028d
result_23: 0xfffffff4
result_24: 0xfffffe60
result_25: 0xffffff09
result_26: 0x000003b5
result_27: 0xfffffdd6
result_28: 0xffffffca
result_29: 0x000003c2
result_30: 0x00000083
result_31: 0xfffffff3
-----------------------------------------

=== Unit 14 Result 7 (Time: 2295000) ===
result_0: 0xfffffb33
result_1: 0xffffff0b
result_2: 0xfffffdf6
result_3: 0xfffffe2d
result_4: 0x000001e6
result_5: 0xfffffdc4
result_6: 0xfffffced
result_7: 0x0000038f
result_8: 0xffffff91
result_9: 0x00000040
result_10: 0xfffffe9d
result_11: 0xfffffe4c
result_12: 0x00000871
result_13: 0x000000dc
result_14: 0x000000c7
result_15: 0xffffff63
result_16: 0x000004ff
result_17: 0xffffff0e
result_18: 0xfffffeaa
result_19: 0xffffffe9
result_20: 0x0000011e
result_21: 0x0000023b
result_22: 0xffffff3c
result_23: 0xfffffcfe
result_24: 0xffffffc1
result_25: 0xfffffdd8
result_26: 0x00000353
result_27: 0xfffffb2f
result_28: 0x00000292
result_29: 0xfffffb30
result_30: 0x000003a1
result_31: 0xffffffb7
-----------------------------------------

=== Unit 15 Result 7 (Time: 2295000) ===
result_0: 0xfffffffa
result_1: 0x000002bb
result_2: 0xfffffe70
result_3: 0x00000082
result_4: 0x000000a6
result_5: 0xfffffeb1
result_6: 0x000004c0
result_7: 0x00000420
result_8: 0x00000153
result_9: 0x000000eb
result_10: 0xffffff78
result_11: 0xfffffec0
result_12: 0x00000049
result_13: 0xfffffb61
result_14: 0x0000009f
result_15: 0xfffffc79
result_16: 0x000000df
result_17: 0xffffffe3
result_18: 0x0000031b
result_19: 0x0000032f
result_20: 0xfffffe7a
result_21: 0xfffffe4c
result_22: 0x00000163
result_23: 0xfffffeb8
result_24: 0xfffffeed
result_25: 0x000000de
result_26: 0x00000249
result_27: 0x000003ea
result_28: 0x0000004b
result_29: 0x0000015b
result_30: 0x00000138
result_31: 0x000001f2
-----------------------------------------

=== Unit 0 Result 8 (Time: 2355000) ===
result_0: 0xffffff14
result_1: 0xfffffddc
result_2: 0x0000013c
result_3: 0x0000034e
result_4: 0x00000257
result_5: 0x00000259
result_6: 0x000000ff
result_7: 0x000000cc
result_8: 0x000000d6
result_9: 0x0000005c
result_10: 0xfffffc61
result_11: 0x0000010f
result_12: 0xfffffb9f
result_13: 0xfffffd78
result_14: 0x0000023b
result_15: 0x0000024d
result_16: 0x00000219
result_17: 0x0000025b
result_18: 0x00000259
result_19: 0x00000173
result_20: 0x00000437
result_21: 0x0000028a
result_22: 0xffffffae
result_23: 0xfffffd26
result_24: 0xfffffe3c
result_25: 0x00000297
result_26: 0xfffffc4b
result_27: 0x0000030b
result_28: 0xfffffd69
result_29: 0xfffffab3
result_30: 0xffffffb5
result_31: 0xffffff50
-----------------------------------------

=== Unit 1 Result 8 (Time: 2355000) ===
result_0: 0x00000244
result_1: 0xfffffe4a
result_2: 0xffffff7c
result_3: 0x000003a7
result_4: 0xffffff49
result_5: 0x000002a9
result_6: 0xffffff2c
result_7: 0x000001a4
result_8: 0xfffffe1e
result_9: 0xfffffdaf
result_10: 0xfffffc81
result_11: 0x0000003a
result_12: 0xfffffda3
result_13: 0xfffff8f9
result_14: 0x00000453
result_15: 0x000003a5
result_16: 0x00000015
result_17: 0x000001dd
result_18: 0xfffffd6b
result_19: 0xffffff92
result_20: 0xfffffe5c
result_21: 0x00000080
result_22: 0xfffffef8
result_23: 0x00000010
result_24: 0x000000b2
result_25: 0xfffffe7c
result_26: 0x000000cc
result_27: 0x0000014f
result_28: 0xfffffd93
result_29: 0xfffff9fa
result_30: 0xfffffdea
result_31: 0xfffffd0e
-----------------------------------------

=== Unit 2 Result 8 (Time: 2355000) ===
result_0: 0xfffffcea
result_1: 0xfffffec5
result_2: 0xfffffffa
result_3: 0x000001bf
result_4: 0xffffffb0
result_5: 0x000003bc
result_6: 0x00000171
result_7: 0xfffffbf5
result_8: 0xffffff55
result_9: 0xfffffd8d
result_10: 0xfffffd6f
result_11: 0xfffffb19
result_12: 0x0000028b
result_13: 0x000003f6
result_14: 0x00000247
result_15: 0xfffffdf5
result_16: 0x000002f4
result_17: 0x00000057
result_18: 0xffffff4b
result_19: 0x00000029
result_20: 0x000001fd
result_21: 0xfffffc5e
result_22: 0x000002f0
result_23: 0xffffff36
result_24: 0x00000141
result_25: 0x0000011a
result_26: 0xfffffd02
result_27: 0xfffffe82
result_28: 0x000002a4
result_29: 0x0000030d
result_30: 0xffffffd5
result_31: 0x0000020d
-----------------------------------------

=== Unit 3 Result 8 (Time: 2355000) ===
result_0: 0x000002ed
result_1: 0xfffffe93
result_2: 0x00000033
result_3: 0x0000034b
result_4: 0xfffffd86
result_5: 0x000000ba
result_6: 0xfffffbc2
result_7: 0xfffffdf0
result_8: 0xfffffd4e
result_9: 0x00000197
result_10: 0x0000033e
result_11: 0x00000356
result_12: 0xffffff2d
result_13: 0x0000054a
result_14: 0xffffff8e
result_15: 0xfffffe77
result_16: 0xfffffda5
result_17: 0xffffff70
result_18: 0xfffffedb
result_19: 0xfffffe97
result_20: 0xffffff66
result_21: 0x000000ad
result_22: 0xfffffd60
result_23: 0x0000026c
result_24: 0x000000bf
result_25: 0x00000076
result_26: 0x0000017c
result_27: 0xfffffda1
result_28: 0x00000032
result_29: 0xfffffda6
result_30: 0xfffffe18
result_31: 0xfffffb05
-----------------------------------------

=== Unit 4 Result 8 (Time: 2355000) ===
result_0: 0xfffffe33
result_1: 0xffffff18
result_2: 0xfffffb31
result_3: 0x00000066
result_4: 0xfffffd5e
result_5: 0xffffffd6
result_6: 0xffffff71
result_7: 0x000001fa
result_8: 0x0000003d
result_9: 0xfffffed5
result_10: 0xfffffca2
result_11: 0x000001cc
result_12: 0xfffffcb0
result_13: 0xffffff79
result_14: 0xfffffdd9
result_15: 0x00000365
result_16: 0x0000016b
result_17: 0xfffffda0
result_18: 0x000002d0
result_19: 0x00000498
result_20: 0xfffffc8e
result_21: 0x000002de
result_22: 0x0000004f
result_23: 0x000000de
result_24: 0x00000291
result_25: 0xffffff9b
result_26: 0xffffff99
result_27: 0xfffffee1
result_28: 0x00000129
result_29: 0xfffffec4
result_30: 0x0000017b
result_31: 0xfffffe7e
-----------------------------------------

=== Unit 5 Result 8 (Time: 2355000) ===
result_0: 0x000003ab
result_1: 0xfffffc02
result_2: 0xfffffefa
result_3: 0xffffffdd
result_4: 0xfffffaa6
result_5: 0xffffff95
result_6: 0xffffff79
result_7: 0x00000496
result_8: 0xfffffbed
result_9: 0x0000019c
result_10: 0x0000060b
result_11: 0x00000193
result_12: 0xfffffe2b
result_13: 0xffffff87
result_14: 0xfffffea2
result_15: 0xffffff7a
result_16: 0xfffffcbf
result_17: 0x000002cd
result_18: 0xfffffb5f
result_19: 0x00000091
result_20: 0xffffff6c
result_21: 0xffffff99
result_22: 0xfffffe91
result_23: 0x000002c2
result_24: 0xffffff00
result_25: 0xfffffadf
result_26: 0x000000c9
result_27: 0x000000ac
result_28: 0x00000087
result_29: 0x00000026
result_30: 0x00000289
result_31: 0xfffffe81
-----------------------------------------

=== Unit 6 Result 8 (Time: 2355000) ===
result_0: 0x00000311
result_1: 0x0000004b
result_2: 0x0000002e
result_3: 0x00000367
result_4: 0xfffffe65
result_5: 0x00000361
result_6: 0xfffffc39
result_7: 0xffffffd1
result_8: 0xfffffdf9
result_9: 0xfffffea4
result_10: 0xfffffdfd
result_11: 0x00000211
result_12: 0x00000216
result_13: 0xfffffdc8
result_14: 0xfffffd77
result_15: 0xfffffd27
result_16: 0x00000243
result_17: 0xffffff25
result_18: 0x000005d8
result_19: 0x00000023
result_20: 0x0000003c
result_21: 0xfffffc11
result_22: 0x0000023f
result_23: 0xffffffa0
result_24: 0x000004ef
result_25: 0x000000bf
result_26: 0x000001dc
result_27: 0x0000021c
result_28: 0x0000000d
result_29: 0xfffffc1f
result_30: 0x00000273
result_31: 0xfffffdcb
-----------------------------------------

=== Unit 7 Result 8 (Time: 2355000) ===
result_0: 0x000001a4
result_1: 0xfffffd2c
result_2: 0x000001ad
result_3: 0xffffff86
result_4: 0x00000167
result_5: 0xfffffdbf
result_6: 0x000000fe
result_7: 0xfffffd43
result_8: 0xfffffe36
result_9: 0xfffffd7a
result_10: 0x0000003a
result_11: 0xffffffd4
result_12: 0x00000196
result_13: 0x0000011b
result_14: 0x00000090
result_15: 0xffffff81
result_16: 0x0000022d
result_17: 0xfffffea4
result_18: 0xfffffefc
result_19: 0x00000198
result_20: 0x000001d6
result_21: 0xfffffe45
result_22: 0xffffffda
result_23: 0x00000203
result_24: 0x00000195
result_25: 0xfffffe91
result_26: 0xffffff06
result_27: 0x0000000b
result_28: 0xffffff59
result_29: 0xfffffe17
result_30: 0x0000016a
result_31: 0xfffffe33
-----------------------------------------

=== Unit 8 Result 8 (Time: 2355000) ===
result_0: 0x0000024b
result_1: 0x0000035b
result_2: 0xffffffd9
result_3: 0xfffffd26
result_4: 0xfffffe41
result_5: 0xfffffc4a
result_6: 0x000005ec
result_7: 0xfffffd05
result_8: 0xffffff75
result_9: 0x00000586
result_10: 0xfffffe98
result_11: 0xfffffdb8
result_12: 0x0000001b
result_13: 0x00000437
result_14: 0xfffffee4
result_15: 0xffffff14
result_16: 0x0000006d
result_17: 0x000003b1
result_18: 0x000000f3
result_19: 0xfffffbb9
result_20: 0xfffffd0a
result_21: 0xffffffd0
result_22: 0x000000d0
result_23: 0x000000e5
result_24: 0xfffffb0b
result_25: 0xfffffbd6
result_26: 0xfffffe73
result_27: 0xfffffe45
result_28: 0x000002be
result_29: 0x000001b6
result_30: 0xfffffe99
result_31: 0xfffffe59
-----------------------------------------

=== Unit 9 Result 8 (Time: 2355000) ===
result_0: 0x00000042
result_1: 0x00000294
result_2: 0x00000262
result_3: 0x0000030f
result_4: 0xffffffcd
result_5: 0x000000db
result_6: 0x00000114
result_7: 0x0000027c
result_8: 0x00000010
result_9: 0xffffffc2
result_10: 0x0000012a
result_11: 0xffffff2b
result_12: 0x0000018c
result_13: 0xffffff30
result_14: 0x0000015d
result_15: 0x00000335
result_16: 0x00000294
result_17: 0x000000de
result_18: 0x00000218
result_19: 0x000000f1
result_20: 0xfffffff2
result_21: 0xfffffdfc
result_22: 0x0000008c
result_23: 0x0000028a
result_24: 0x0000019b
result_25: 0x000001a7
result_26: 0xfffffc28
result_27: 0xffffffda
result_28: 0xfffffba6
result_29: 0x000001e6
result_30: 0xfffffea8
result_31: 0xffffffaa
-----------------------------------------

=== Unit 10 Result 8 (Time: 2355000) ===
result_0: 0x00000030
result_1: 0xfffffbff
result_2: 0xfffffddc
result_3: 0xfffffe79
result_4: 0x00000063
result_5: 0x0000007c
result_6: 0xffffffd7
result_7: 0xfffffe62
result_8: 0x000000de
result_9: 0xffffffae
result_10: 0xffffff5d
result_11: 0x000003fe
result_12: 0x00000370
result_13: 0x00000027
result_14: 0xffffff68
result_15: 0xfffffee9
result_16: 0xfffffbab
result_17: 0xffffffb0
result_18: 0x00000271
result_19: 0x000000c5
result_20: 0xfffffec7
result_21: 0xfffffc7a
result_22: 0x00000126
result_23: 0xfffffd16
result_24: 0x00000037
result_25: 0x00000564
result_26: 0x0000021c
result_27: 0xffffff66
result_28: 0x0000002c
result_29: 0xfffffff3
result_30: 0xffffff81
result_31: 0x00000514
-----------------------------------------

=== Unit 11 Result 8 (Time: 2355000) ===
result_0: 0xffffff7d
result_1: 0x0000051a
result_2: 0x0000000c
result_3: 0xfffffbf9
result_4: 0xfffffd11
result_5: 0xffffff94
result_6: 0xfffffc08
result_7: 0x00000381
result_8: 0x000000bb
result_9: 0x0000015f
result_10: 0x00000418
result_11: 0xfffffe94
result_12: 0x00000526
result_13: 0x0000014a
result_14: 0xfffffdc3
result_15: 0x000001fd
result_16: 0xfffffe53
result_17: 0xfffffbc9
result_18: 0xffffff7e
result_19: 0x00000122
result_20: 0xfffffde0
result_21: 0xffffffb0
result_22: 0xfffffad3
result_23: 0x000004ac
result_24: 0x000000e1
result_25: 0x00000016
result_26: 0xffffff2c
result_27: 0x000001bd
result_28: 0xfffffec8
result_29: 0x0000053c
result_30: 0x00000021
result_31: 0xffffff80
-----------------------------------------

=== Unit 12 Result 8 (Time: 2355000) ===
result_0: 0xfffffd45
result_1: 0xfffffcea
result_2: 0xffffffae
result_3: 0xfffffd12
result_4: 0xfffffe6d
result_5: 0xfffffc3f
result_6: 0x000002f2
result_7: 0xffffffe9
result_8: 0xfffffee9
result_9: 0xffffffcb
result_10: 0x00000108
result_11: 0xffffff8f
result_12: 0x000005d7
result_13: 0x00000030
result_14: 0xfffffce8
result_15: 0x000000c2
result_16: 0xffffffad
result_17: 0x0000005d
result_18: 0xfffffd79
result_19: 0x0000021a
result_20: 0xffffff90
result_21: 0xffffff3f
result_22: 0xfffffefd
result_23: 0xffffff6d
result_24: 0xfffffe73
result_25: 0xfffffea6
result_26: 0x00000012
result_27: 0xfffffe78
result_28: 0x000001da
result_29: 0x00000169
result_30: 0x00000181
result_31: 0x0000008a
-----------------------------------------

=== Unit 13 Result 8 (Time: 2355000) ===
result_0: 0x000003aa
result_1: 0xfffffe49
result_2: 0x00000372
result_3: 0x0000001c
result_4: 0xfffffdc0
result_5: 0x00000154
result_6: 0xffffff44
result_7: 0x000000d3
result_8: 0xffffff67
result_9: 0x000001e4
result_10: 0x00000002
result_11: 0xfffffcdc
result_12: 0x00000128
result_13: 0xfffffe45
result_14: 0xfffffcf5
result_15: 0xfffffbef
result_16: 0x0000023d
result_17: 0x000004de
result_18: 0x000001cf
result_19: 0xfffffea7
result_20: 0xfffffc5e
result_21: 0x000000cb
result_22: 0xfffffcd8
result_23: 0x00000294
result_24: 0xfffffff2
result_25: 0x000002bb
result_26: 0xfffffac5
result_27: 0x000001b5
result_28: 0xfffffdbb
result_29: 0xfffffe76
result_30: 0xfffffe3d
result_31: 0x000001af
-----------------------------------------

=== Unit 14 Result 8 (Time: 2355000) ===
result_0: 0x0000038c
result_1: 0x00000021
result_2: 0x0000065e
result_3: 0x00000283
result_4: 0x000002b9
result_5: 0xfffffb7f
result_6: 0x000000d3
result_7: 0xffffffdc
result_8: 0x0000000d
result_9: 0x00000295
result_10: 0xfffffecf
result_11: 0xfffffbe4
result_12: 0xffffff77
result_13: 0xffffffc9
result_14: 0xfffffbe7
result_15: 0xfffffd00
result_16: 0x00000343
result_17: 0x0000002c
result_18: 0x00000110
result_19: 0x00000036
result_20: 0x000007cc
result_21: 0xfffffb55
result_22: 0xffffff0e
result_23: 0xffffff50
result_24: 0xffffff5e
result_25: 0x00000344
result_26: 0x0000006d
result_27: 0x00000314
result_28: 0xfffffe88
result_29: 0x0000023c
result_30: 0xffffff6c
result_31: 0xfffffc05
-----------------------------------------

=== Unit 15 Result 8 (Time: 2355000) ===
result_0: 0xfffffb5e
result_1: 0x00000028
result_2: 0xfffffb60
result_3: 0x0000003a
result_4: 0xfffffc3e
result_5: 0x00000609
result_6: 0x0000000d
result_7: 0xfffffe0d
result_8: 0xffffff41
result_9: 0x000003d6
result_10: 0xfffffdd2
result_11: 0x000004e2
result_12: 0x0000010a
result_13: 0xfffffd21
result_14: 0x0000011d
result_15: 0x00000219
result_16: 0xfffffdff
result_17: 0xffffff05
result_18: 0x0000027b
result_19: 0x0000000d
result_20: 0x00000464
result_21: 0xfffffffd
result_22: 0x000003cf
result_23: 0xfffffed6
result_24: 0x000001b4
result_25: 0x00000047
result_26: 0xfffffe43
result_27: 0x00000260
result_28: 0xfffffc6b
result_29: 0xffffff6f
result_30: 0xffffff5e
result_31: 0xfffffdba
-----------------------------------------


Simulation end time: 11845000
=== End of Result Log ===
